# Logfile created on 2014-09-12 11:25:14 +0200  [4;36;1mSQL (42.6ms)[0m   [0;1mSET SQL_AUTO_IS_NULL=0[0m
  [4;35;1mSQL (42.3ms)[0m   [0mSHOW TABLES[0m
  [4;36;1mRadiant::Config Load (43.0ms)[0m   [0;1mSELECT * FROM `config` [0m
  [4;35;1mRadiant::Config Columns (42.9ms)[0m   [0mSHOW FIELDS FROM `config`[0m
Cache write: Radiant::Config
Cache write: Radiant.cache_mtime
  [4;36;1mSQL (42.1ms)[0m   [0;1mSHOW TABLES[0m
  [4;35;1mSQL (42.4ms)[0m   [0mSHOW TABLES[0m
  [4;36;1mSQL (42.5ms)[0m   [0;1mSHOW TABLES[0m
  [4;35;1mSQL (42.0ms)[0m   [0mSHOW TABLES[0m
  [4;36;1mSQL (42.2ms)[0m   [0;1mSHOW TABLES[0m
  [4;35;1mSQL (42.0ms)[0m   [0mSHOW TABLES[0m
  [4;36;1mSQL (43.4ms)[0m   [0;1mSHOW TABLES[0m
  [4;35;1mSQL (42.0ms)[0m   [0mSHOW TABLES[0m
  [4;36;1mSQL (45.3ms)[0m   [0;1mSHOW TABLES[0m
  [4;35;1mRadiant::Config Load (42.9ms)[0m   [0mSELECT * FROM `config` WHERE (`config`.`key` = 'pagination.param_name') LIMIT 1[0m
  [4;36;1mSQL (45.8ms)[0m   [0;1mBEGIN[0m
  [4;35;1mRadiant::Config Create (42.0ms)[0m   [0mINSERT INTO `config` (`key`, `value`) VALUES('pagination.param_name', 'page')[0m
  [4;36;1mRadiant::Config Load (42.2ms)[0m   [0;1mSELECT * FROM `config` [0m
  [4;35;1mSQL (42.0ms)[0m   [0mCOMMIT[0m
  [4;36;1mSQL (42.0ms)[0m   [0;1mSHOW TABLES[0m
  [4;35;1mSQL (42.1ms)[0m   [0mSHOW TABLES[0m
  [4;36;1mRadiant::Config Load (42.4ms)[0m   [0;1mSELECT * FROM `config` WHERE (`config`.`key` = 'pagination.per_page_param_name') LIMIT 1[0m
  [4;35;1mSQL (41.9ms)[0m   [0mBEGIN[0m
  [4;36;1mRadiant::Config Create (61.0ms)[0m   [0;1mINSERT INTO `config` (`key`, `value`) VALUES('pagination.per_page_param_name', 'per_page')[0m
  [4;35;1mRadiant::Config Load (42.2ms)[0m   [0mSELECT * FROM `config` [0m
  [4;36;1mSQL (41.8ms)[0m   [0;1mCOMMIT[0m
  [4;35;1mSQL (42.6ms)[0m   [0mSHOW TABLES[0m
  [4;36;1mSQL (42.1ms)[0m   [0;1mSHOW TABLES[0m
  [4;35;1mRadiant::Config Load (42.1ms)[0m   [0mSELECT * FROM `config` WHERE (`config`.`key` = 'admin.pagination.per_page') LIMIT 1[0m
  [4;36;1mSQL (42.1ms)[0m   [0;1mBEGIN[0m
  [4;35;1mRadiant::Config Create (42.2ms)[0m   [0mINSERT INTO `config` (`key`, `value`) VALUES('admin.pagination.per_page', '50')[0m
  [4;36;1mRadiant::Config Load (42.1ms)[0m   [0;1mSELECT * FROM `config` [0m
  [4;35;1mSQL (42.0ms)[0m   [0mCOMMIT[0m
  [4;36;1mSQL (41.9ms)[0m   [0;1mSHOW TABLES[0m
  [4;35;1mSQL (42.1ms)[0m   [0mSHOW TABLES[0m
  [4;36;1mRadiant::Config Load (44.7ms)[0m   [0;1mSELECT * FROM `config` WHERE (`config`.`key` = 'site.title') LIMIT 1[0m
  [4;35;1mSQL (42.0ms)[0m   [0mBEGIN[0m
  [4;36;1mRadiant::Config Create (123.8ms)[0m   [0;1mINSERT INTO `config` (`key`, `value`) VALUES('site.title', 'Your site title')[0m
  [4;35;1mRadiant::Config Load (41.9ms)[0m   [0mSELECT * FROM `config` [0m
  [4;36;1mSQL (47.2ms)[0m   [0;1mCOMMIT[0m
  [4;35;1mSQL (42.2ms)[0m   [0mSHOW TABLES[0m
  [4;36;1mSQL (42.2ms)[0m   [0;1mSHOW TABLES[0m
  [4;35;1mRadiant::Config Load (42.1ms)[0m   [0mSELECT * FROM `config` WHERE (`config`.`key` = 'site.host') LIMIT 1[0m
  [4;36;1mSQL (41.5ms)[0m   [0;1mBEGIN[0m
  [4;35;1mRadiant::Config Create (42.2ms)[0m   [0mINSERT INTO `config` (`key`, `value`) VALUES('site.host', 'www.example.com')[0m
  [4;36;1mRadiant::Config Load (42.1ms)[0m   [0;1mSELECT * FROM `config` [0m
  [4;35;1mSQL (42.0ms)[0m   [0mCOMMIT[0m
  [4;36;1mSQL (42.1ms)[0m   [0;1mSHOW TABLES[0m
  [4;35;1mSQL (42.1ms)[0m   [0mSHOW TABLES[0m
  [4;36;1mRadiant::Config Load (42.1ms)[0m   [0;1mSELECT * FROM `config` WHERE (`config`.`key` = 'user.allow_password_reset?') LIMIT 1[0m
  [4;35;1mSQL (42.3ms)[0m   [0mBEGIN[0m
  [4;36;1mRadiant::Config Create (42.6ms)[0m   [0;1mINSERT INTO `config` (`key`, `value`) VALUES('user.allow_password_reset?', 'true')[0m
  [4;35;1mRadiant::Config Load (41.9ms)[0m   [0mSELECT * FROM `config` [0m
  [4;36;1mSQL (41.9ms)[0m   [0;1mCOMMIT[0m
  [4;35;1mSQL (43.8ms)[0m   [0mSHOW TABLES[0m
  [4;36;1mSQL (42.2ms)[0m   [0;1mSHOW TABLES[0m
  [4;35;1mSQL (42.1ms)[0m   [0mSHOW TABLES[0m
  [4;36;1mSQL (41.8ms)[0m   [0;1mSHOW TABLES[0m
  [4;35;1mSQL (42.5ms)[0m   [0mSHOW TABLES[0m
  [4;36;1mSQL (42.4ms)[0m   [0;1mSHOW TABLES[0m
  [4;35;1mRadiant::Config Load (42.3ms)[0m   [0mSELECT * FROM `config` WHERE (`config`.`key` = 'paperclip.url') LIMIT 1[0m
  [4;36;1mSQL (42.4ms)[0m   [0;1mBEGIN[0m
  [4;35;1mRadiant::Config Create (42.8ms)[0m   [0mINSERT INTO `config` (`key`, `value`) VALUES('paperclip.url', '/system/:attachment/:id/:style/:basename:no_original_style.:extension')[0m
  [4;36;1mRadiant::Config Load (42.1ms)[0m   [0;1mSELECT * FROM `config` [0m
  [4;35;1mSQL (41.9ms)[0m   [0mCOMMIT[0m
  [4;36;1mSQL (43.8ms)[0m   [0;1mSHOW TABLES[0m
  [4;35;1mSQL (41.8ms)[0m   [0mSHOW TABLES[0m
  [4;36;1mRadiant::Config Load (42.2ms)[0m   [0;1mSELECT * FROM `config` WHERE (`config`.`key` = 'paperclip.path') LIMIT 1[0m
  [4;35;1mSQL (42.0ms)[0m   [0mBEGIN[0m
  [4;36;1mRadiant::Config Create (42.1ms)[0m   [0;1mINSERT INTO `config` (`key`, `value`) VALUES('paperclip.path', ':rails_root/public/system/:attachment/:id/:style/:basename:no_original_style.:extension')[0m
  [4;35;1mRadiant::Config Load (42.2ms)[0m   [0mSELECT * FROM `config` [0m
  [4;36;1mSQL (41.7ms)[0m   [0;1mCOMMIT[0m
  [4;35;1mSQL (45.4ms)[0m   [0mSHOW TABLES[0m
  [4;36;1mSQL (42.3ms)[0m   [0;1mSHOW TABLES[0m
  [4;35;1mRadiant::Config Load (44.5ms)[0m   [0mSELECT * FROM `config` WHERE (`config`.`key` = 'paperclip.skip_filetype_validation') LIMIT 1[0m
  [4;36;1mSQL (42.2ms)[0m   [0;1mBEGIN[0m
  [4;35;1mRadiant::Config Create (42.2ms)[0m   [0mINSERT INTO `config` (`key`, `value`) VALUES('paperclip.skip_filetype_validation', 'true')[0m
  [4;36;1mRadiant::Config Load (42.3ms)[0m   [0;1mSELECT * FROM `config` [0m
  [4;35;1mSQL (42.1ms)[0m   [0mCOMMIT[0m
  [4;36;1mSQL (42.3ms)[0m   [0;1mSHOW TABLES[0m
  [4;35;1mSQL (42.3ms)[0m   [0mSHOW TABLES[0m
  [4;36;1mRadiant::Config Load (42.9ms)[0m   [0;1mSELECT * FROM `config` WHERE (`config`.`key` = 'paperclip.storage') LIMIT 1[0m
  [4;35;1mSQL (41.8ms)[0m   [0mBEGIN[0m
  [4;36;1mRadiant::Config Create (51.5ms)[0m   [0;1mINSERT INTO `config` (`key`, `value`) VALUES('paperclip.storage', 'filesystem')[0m
  [4;35;1mRadiant::Config Load (42.5ms)[0m   [0mSELECT * FROM `config` [0m
  [4;36;1mSQL (41.8ms)[0m   [0;1mCOMMIT[0m
  [4;35;1mSQL (42.7ms)[0m   [0mSHOW TABLES[0m
  [4;36;1mSQL (41.9ms)[0m   [0;1mSHOW TABLES[0m
  [4;35;1mSQL (42.4ms)[0m   [0mSHOW TABLES[0m
  [4;36;1mSQL (42.3ms)[0m   [0;1mSHOW TABLES[0m
  [4;35;1mRadiant::Config Load (42.9ms)[0m   [0mSELECT * FROM `config` WHERE (`config`.`key` = 'paperclip.fog.public?') LIMIT 1[0m
  [4;36;1mSQL (41.6ms)[0m   [0;1mBEGIN[0m
  [4;35;1mRadiant::Config Create (42.1ms)[0m   [0mINSERT INTO `config` (`key`, `value`) VALUES('paperclip.fog.public?', 'true')[0m
  [4;36;1mRadiant::Config Load (42.2ms)[0m   [0;1mSELECT * FROM `config` [0m
  [4;35;1mSQL (42.1ms)[0m   [0mCOMMIT[0m
  [4;36;1mSQL (42.4ms)[0m   [0;1mSHOW TABLES[0m
  [4;35;1mSQL (41.8ms)[0m   [0mSHOW TABLES[0m
  [4;36;1mSQL (41.8ms)[0m   [0;1mSHOW TABLES[0m
  [4;35;1mSQL (42.2ms)[0m   [0mSHOW TABLES[0m
  [4;36;1mSQL (41.9ms)[0m   [0;1mSHOW TABLES[0m
  [4;35;1mSQL (41.8ms)[0m   [0mSHOW TABLES[0m
  [4;36;1mSQL (42.0ms)[0m   [0;1mSHOW TABLES[0m
  [4;35;1mSQL (42.5ms)[0m   [0mSHOW TABLES[0m
  [4;36;1mSQL (42.2ms)[0m   [0;1mSHOW TABLES[0m
  [4;35;1mSQL (42.2ms)[0m   [0mSHOW TABLES[0m
  [4;36;1mRadiant::Config Load (42.1ms)[0m   [0;1mSELECT * FROM `config` WHERE (`config`.`key` = 'assets.create_image_thumbnails?') LIMIT 1[0m
  [4;35;1mSQL (41.5ms)[0m   [0mBEGIN[0m
  [4;36;1mRadiant::Config Create (41.6ms)[0m   [0;1mINSERT INTO `config` (`key`, `value`) VALUES('assets.create_image_thumbnails?', 'true')[0m
  [4;35;1mRadiant::Config Load (42.1ms)[0m   [0mSELECT * FROM `config` [0m
  [4;36;1mSQL (45.7ms)[0m   [0;1mCOMMIT[0m
  [4;35;1mSQL (42.1ms)[0m   [0mSHOW TABLES[0m
  [4;36;1mSQL (42.4ms)[0m   [0;1mSHOW TABLES[0m
  [4;35;1mRadiant::Config Load (41.9ms)[0m   [0mSELECT * FROM `config` WHERE (`config`.`key` = 'assets.create_video_thumbnails?') LIMIT 1[0m
  [4;36;1mSQL (41.5ms)[0m   [0;1mBEGIN[0m
  [4;35;1mRadiant::Config Create (42.1ms)[0m   [0mINSERT INTO `config` (`key`, `value`) VALUES('assets.create_video_thumbnails?', 'true')[0m
  [4;36;1mRadiant::Config Load (42.0ms)[0m   [0;1mSELECT * FROM `config` [0m
  [4;35;1mSQL (42.0ms)[0m   [0mCOMMIT[0m
  [4;36;1mSQL (42.2ms)[0m   [0;1mSHOW TABLES[0m
  [4;35;1mSQL (42.0ms)[0m   [0mSHOW TABLES[0m
  [4;36;1mRadiant::Config Load (44.6ms)[0m   [0;1mSELECT * FROM `config` WHERE (`config`.`key` = 'assets.create_pdf_thumbnails?') LIMIT 1[0m
  [4;35;1mSQL (41.8ms)[0m   [0mBEGIN[0m
  [4;36;1mRadiant::Config Create (42.2ms)[0m   [0;1mINSERT INTO `config` (`key`, `value`) VALUES('assets.create_pdf_thumbnails?', 'true')[0m
  [4;35;1mRadiant::Config Load (42.3ms)[0m   [0mSELECT * FROM `config` [0m
  [4;36;1mSQL (41.9ms)[0m   [0;1mCOMMIT[0m
  [4;35;1mSQL (42.0ms)[0m   [0mSHOW TABLES[0m
  [4;36;1mSQL (42.4ms)[0m   [0;1mSHOW TABLES[0m
  [4;35;1mRadiant::Config Load (43.5ms)[0m   [0mSELECT * FROM `config` WHERE (`config`.`key` = 'assets.thumbnails.image') LIMIT 1[0m
  [4;36;1mSQL (41.8ms)[0m   [0;1mBEGIN[0m
  [4;35;1mRadiant::Config Create (42.0ms)[0m   [0mINSERT INTO `config` (`key`, `value`) VALUES('assets.thumbnails.image', 'normal:size=640x640>|small:size=320x320>')[0m
  [4;36;1mRadiant::Config Load (100.2ms)[0m   [0;1mSELECT * FROM `config` [0m
  [4;35;1mSQL (41.8ms)[0m   [0mCOMMIT[0m
  [4;36;1mSQL (42.2ms)[0m   [0;1mSHOW TABLES[0m
  [4;35;1mSQL (42.2ms)[0m   [0mSHOW TABLES[0m
  [4;36;1mRadiant::Config Load (42.5ms)[0m   [0;1mSELECT * FROM `config` WHERE (`config`.`key` = 'assets.thumbnails.video') LIMIT 1[0m
  [4;35;1mSQL (42.4ms)[0m   [0mBEGIN[0m
  [4;36;1mRadiant::Config Create (41.8ms)[0m   [0;1mINSERT INTO `config` (`key`, `value`) VALUES('assets.thumbnails.video', 'normal:size=640x640>,format=jpg|small:size=320x320>,format=jpg')[0m
  [4;35;1mRadiant::Config Load (42.4ms)[0m   [0mSELECT * FROM `config` [0m
  [4;36;1mSQL (42.1ms)[0m   [0;1mCOMMIT[0m
  [4;35;1mSQL (42.4ms)[0m   [0mSHOW TABLES[0m
  [4;36;1mSQL (42.2ms)[0m   [0;1mSHOW TABLES[0m
  [4;35;1mRadiant::Config Load (42.2ms)[0m   [0mSELECT * FROM `config` WHERE (`config`.`key` = 'assets.thumbnails.pdf') LIMIT 1[0m
  [4;36;1mSQL (41.7ms)[0m   [0;1mBEGIN[0m
  [4;35;1mRadiant::Config Create (42.1ms)[0m   [0mINSERT INTO `config` (`key`, `value`) VALUES('assets.thumbnails.pdf', 'normal:size=640x640>,format=jpg|small:size=320x320>,format=jpg')[0m
  [4;36;1mRadiant::Config Load (42.3ms)[0m   [0;1mSELECT * FROM `config` [0m
  [4;35;1mSQL (42.0ms)[0m   [0mCOMMIT[0m
  [4;36;1mSQL (42.7ms)[0m   [0;1mSHOW TABLES[0m
  [4;35;1mSQL (42.1ms)[0m   [0mSHOW TABLES[0m
  [4;36;1mRadiant::Config Load (42.4ms)[0m   [0;1mSELECT * FROM `config` WHERE (`config`.`key` = 'assets.max_asset_size') LIMIT 1[0m
  [4;35;1mSQL (42.0ms)[0m   [0mBEGIN[0m
  [4;36;1mRadiant::Config Create (42.1ms)[0m   [0;1mINSERT INTO `config` (`key`, `value`) VALUES('assets.max_asset_size', '5')[0m
  [4;35;1mRadiant::Config Load (42.2ms)[0m   [0mSELECT * FROM `config` [0m
  [4;36;1mSQL (42.8ms)[0m   [0;1mCOMMIT[0m
  [4;35;1mSQL (42.5ms)[0m   [0mSHOW TABLES[0m
  [4;36;1mSQL (52.7ms)[0m   [0;1mSHOW TABLES[0m
  [4;35;1mRadiant::Config Load (43.0ms)[0m   [0mSELECT * FROM `config` WHERE (`config`.`key` = 'assets.display_size') LIMIT 1[0m
  [4;36;1mSQL (42.1ms)[0m   [0;1mBEGIN[0m
  [4;35;1mRadiant::Config Create (42.2ms)[0m   [0mINSERT INTO `config` (`key`, `value`) VALUES('assets.display_size', 'normal')[0m
  [4;36;1mRadiant::Config Load (42.2ms)[0m   [0;1mSELECT * FROM `config` [0m
  [4;35;1mSQL (49.5ms)[0m   [0mCOMMIT[0m
  [4;36;1mSQL (42.3ms)[0m   [0;1mSHOW TABLES[0m
  [4;35;1mSQL (41.8ms)[0m   [0mSHOW TABLES[0m
  [4;36;1mRadiant::Config Load (42.2ms)[0m   [0;1mSELECT * FROM `config` WHERE (`config`.`key` = 'assets.insertion_size') LIMIT 1[0m
  [4;35;1mSQL (41.9ms)[0m   [0mBEGIN[0m
  [4;36;1mRadiant::Config Create (42.1ms)[0m   [0;1mINSERT INTO `config` (`key`, `value`) VALUES('assets.insertion_size', 'normal')[0m
  [4;35;1mRadiant::Config Load (42.5ms)[0m   [0mSELECT * FROM `config` [0m
  [4;36;1mSQL (55.4ms)[0m   [0;1mCOMMIT[0m
  [4;35;1mSQL (42.3ms)[0m   [0mSHOW TABLES[0m
  [4;36;1mSQL (42.1ms)[0m   [0;1mSHOW TABLES[0m
  [4;35;1mSQL (42.3ms)[0m   [0mSHOW TABLES[0m
  [4;36;1mSQL (53.3ms)[0m   [0;1mSHOW TABLES[0m
  [4;35;1mSQL (42.2ms)[0m   [0mSHOW TABLES[0m
  [4;36;1mSQL (44.7ms)[0m   [0;1mSHOW TABLES[0m
  [4;35;1mSQL (42.0ms)[0m   [0mSHOW TABLES[0m
  [4;36;1mSQL (47.7ms)[0m   [0;1mSHOW TABLES[0m
  [4;35;1mSQL (43.4ms)[0m   [0mSHOW TABLES[0m
  [4;36;1mSQL (42.0ms)[0m   [0;1mSHOW TABLES[0m
  [4;35;1mSQL (42.0ms)[0m   [0mSHOW TABLES[0m
  [4;36;1mSQL (42.0ms)[0m   [0;1mSHOW TABLES[0m
  [4;35;1mSQL (41.9ms)[0m   [0mSHOW TABLES[0m
  [4;36;1mSQL (42.1ms)[0m   [0;1mSHOW TABLES[0m
  [4;35;1mSQL (42.4ms)[0m   [0mSHOW TABLES[0m
  [4;36;1mPage Columns (43.4ms)[0m   [0;1mSHOW FIELDS FROM `pages`[0m
  [4;35;1mSQL (42.2ms)[0m   [0mSELECT DISTINCT class_name FROM pages WHERE class_name <> '' AND class_name IS NOT NULL[0m
  [4;36;1mUser Load (42.5ms)[0m   [0;1mSELECT * FROM `users` ORDER BY name DESC LIMIT 1[0m
  [4;35;1mUser Columns (43.5ms)[0m   [0mSHOW FIELDS FROM `users`[0m
  [4;36;1mSQL (42.1ms)[0m   [0;1mSET SQL_AUTO_IS_NULL=0[0m
  [4;35;1mSQL (42.7ms)[0m   [0mSHOW TABLES[0m
Cache read: Radiant.cache_mtime
  [4;36;1mRadiant::Config Load (43.4ms)[0m   [0;1mSELECT * FROM `config` [0m
  [4;35;1mRadiant::Config Columns (42.8ms)[0m   [0mSHOW FIELDS FROM `config`[0m
Cache write: Radiant::Config
Cache write: Radiant.cache_mtime
  [4;36;1mSQL (45.1ms)[0m   [0;1mSHOW TABLES[0m
  [4;35;1mSQL (42.4ms)[0m   [0mSHOW TABLES[0m
  [4;36;1mSQL (42.5ms)[0m   [0;1mSHOW TABLES[0m
  [4;35;1mSQL (41.9ms)[0m   [0mSHOW TABLES[0m
  [4;36;1mSQL (42.0ms)[0m   [0;1mSHOW TABLES[0m
  [4;35;1mSQL (42.0ms)[0m   [0mSHOW TABLES[0m
  [4;36;1mSQL (42.4ms)[0m   [0;1mSHOW TABLES[0m
  [4;35;1mSQL (42.0ms)[0m   [0mSHOW TABLES[0m
  [4;36;1mSQL (43.0ms)[0m   [0;1mSHOW TABLES[0m
  [4;35;1mSQL (42.9ms)[0m   [0mSHOW TABLES[0m
  [4;36;1mSQL (41.8ms)[0m   [0;1mSHOW TABLES[0m
  [4;35;1mSQL (42.8ms)[0m   [0mSHOW TABLES[0m
  [4;36;1mSQL (42.3ms)[0m   [0;1mSHOW TABLES[0m
  [4;35;1mSQL (42.5ms)[0m   [0mSHOW TABLES[0m
  [4;36;1mSQL (41.9ms)[0m   [0;1mSHOW TABLES[0m
[32mCommand[0m :: convert -version
[Clipped] Using image thumbnailer: ImageMagick 6.8.9-5 Q16 x86_64 2014-07-25 http://www.imagemagick.org
  [4;35;1mSQL (42.4ms)[0m   [0mSHOW TABLES[0m
[32mCommand[0m :: gs -v
  [4;36;1mSQL (42.5ms)[0m   [0;1mSHOW TABLES[0m
  [4;35;1mRadiant::Config Load (42.8ms)[0m   [0mSELECT * FROM `config` WHERE (`config`.`key` = 'assets.create_pdf_thumbnails?') LIMIT 1[0m
  [4;36;1mSQL (41.7ms)[0m   [0;1mBEGIN[0m
  [4;35;1mRadiant::Config Update (53.2ms)[0m   [0mUPDATE `config` SET `value` = 'false' WHERE `id` = 141[0m
  [4;36;1mRadiant::Config Load (42.4ms)[0m   [0;1mSELECT * FROM `config` [0m
  [4;35;1mSQL (42.0ms)[0m   [0mCOMMIT[0m
Ghostscript 'gs' executable not found: pdf thumbnailing disabled.
  [4;36;1mSQL (42.3ms)[0m   [0;1mSHOW TABLES[0m
[32mCommand[0m :: ffmpeg -version 2> /dev/null
  [4;35;1mSQL (41.9ms)[0m   [0mSHOW TABLES[0m
  [4;36;1mRadiant::Config Load (42.1ms)[0m   [0;1mSELECT * FROM `config` WHERE (`config`.`key` = 'assets.create_video_thumbnails?') LIMIT 1[0m
  [4;35;1mSQL (42.1ms)[0m   [0mBEGIN[0m
  [4;36;1mRadiant::Config Update (41.8ms)[0m   [0;1mUPDATE `config` SET `value` = 'false' WHERE `id` = 131[0m
  [4;35;1mRadiant::Config Load (42.5ms)[0m   [0mSELECT * FROM `config` [0m
  [4;36;1mSQL (41.9ms)[0m   [0;1mCOMMIT[0m
FFmpeg executable not found: video thumbnailing disabled.
  [4;35;1mSQL (42.5ms)[0m   [0mSHOW TABLES[0m
  [4;36;1mSQL (42.0ms)[0m   [0;1mSHOW TABLES[0m
  [4;35;1mSQL (42.5ms)[0m   [0mSHOW TABLES[0m
  [4;36;1mSQL (42.1ms)[0m   [0;1mSHOW TABLES[0m
  [4;35;1mSQL (42.6ms)[0m   [0mSHOW TABLES[0m
  [4;36;1mSQL (42.8ms)[0m   [0;1mSHOW TABLES[0m
  [4;35;1mSQL (42.5ms)[0m   [0mSHOW TABLES[0m
  [4;36;1mSQL (42.0ms)[0m   [0;1mSHOW TABLES[0m
  [4;35;1mSQL (45.2ms)[0m   [0mSHOW TABLES[0m
  [4;36;1mSQL (42.4ms)[0m   [0;1mSHOW TABLES[0m
  [4;35;1mSQL (42.3ms)[0m   [0mSHOW TABLES[0m
  [4;36;1mSQL (42.9ms)[0m   [0;1mSHOW TABLES[0m
  [4;35;1mSQL (42.2ms)[0m   [0mSHOW TABLES[0m
  [4;36;1mSQL (42.4ms)[0m   [0;1mSHOW TABLES[0m
  [4;35;1mSQL (42.9ms)[0m   [0mSHOW TABLES[0m
  [4;36;1mSQL (42.0ms)[0m   [0;1mSHOW TABLES[0m
  [4;35;1mSQL (42.2ms)[0m   [0mSHOW TABLES[0m
  [4;36;1mSQL (42.1ms)[0m   [0;1mSHOW TABLES[0m
  [4;35;1mSQL (43.6ms)[0m   [0mSHOW TABLES[0m
  [4;36;1mSQL (43.5ms)[0m   [0;1mSHOW TABLES[0m
  [4;35;1mSQL (42.4ms)[0m   [0mSHOW TABLES[0m
  [4;36;1mSQL (42.2ms)[0m   [0;1mSHOW TABLES[0m
  [4;35;1mSQL (42.0ms)[0m   [0mSHOW TABLES[0m
  [4;36;1mSQL (42.3ms)[0m   [0;1mSHOW TABLES[0m
  [4;35;1mSQL (42.1ms)[0m   [0mSHOW TABLES[0m
  [4;36;1mSQL (42.2ms)[0m   [0;1mSHOW TABLES[0m
  [4;35;1mSQL (42.6ms)[0m   [0mSHOW TABLES[0m
  [4;36;1mSQL (42.3ms)[0m   [0;1mSHOW TABLES[0m
  [4;35;1mSQL (41.9ms)[0m   [0mSHOW TABLES[0m
  [4;36;1mSQL (42.0ms)[0m   [0;1mSHOW TABLES[0m
  [4;35;1mSQL (41.8ms)[0m   [0mSHOW TABLES[0m
  [4;36;1mSQL (52.6ms)[0m   [0;1mSHOW TABLES[0m
  [4;35;1mSQL (42.0ms)[0m   [0mSHOW TABLES[0m
  [4;36;1mSQL (42.1ms)[0m   [0;1mSHOW TABLES[0m
  [4;35;1mSQL (41.8ms)[0m   [0mSHOW TABLES[0m
  [4;36;1mSQL (41.9ms)[0m   [0;1mSHOW TABLES[0m
  [4;35;1mSQL (42.4ms)[0m   [0mSHOW TABLES[0m
  [4;36;1mSQL (142.0ms)[0m   [0;1mSHOW TABLES[0m
  [4;35;1mPage Columns (43.2ms)[0m   [0mSHOW FIELDS FROM `pages`[0m
  [4;36;1mSQL (41.5ms)[0m   [0;1mSELECT DISTINCT class_name FROM pages WHERE class_name <> '' AND class_name IS NOT NULL[0m
  [4;35;1mSQL (46.9ms)[0m   [0mSET SQL_AUTO_IS_NULL=0[0m


Processing SiteController#show_page (for 127.0.0.1 at 2014-09-12 12:31:06) [GET]
  Parameters: {"controller"=>"site", "action"=>"show_page", "url"=>"/"}
  [4;36;1mSQL (46.4ms)[0m   [0;1mSHOW TABLES[0m
  [4;35;1mSQL (46.7ms)[0m   [0mSHOW TABLES[0m
  [4;36;1mSQL (46.6ms)[0m   [0;1mSHOW TABLES[0m
  [4;35;1mSQL (46.5ms)[0m   [0mSHOW TABLES[0m
  [4;36;1mSQL (46.7ms)[0m   [0;1mSHOW TABLES[0m
  [4;35;1mSQL (46.7ms)[0m   [0mSHOW TABLES[0m
  [4;36;1mSQL (47.6ms)[0m   [0;1mSHOW TABLES[0m
  [4;35;1mSQL (46.7ms)[0m   [0mSHOW TABLES[0m
  [4;36;1mSQL (46.6ms)[0m   [0;1mSHOW TABLES[0m
  [4;35;1mSQL (46.5ms)[0m   [0mSHOW TABLES[0m
  [4;36;1mSQL (47.0ms)[0m   [0;1mSHOW TABLES[0m
  [4;35;1mSQL (46.8ms)[0m   [0mSHOW TABLES[0m
  [4;36;1mSQL (46.6ms)[0m   [0;1mSHOW TABLES[0m
  [4;35;1mSQL (46.8ms)[0m   [0mSHOW TABLES[0m
  [4;36;1mPage Load (47.2ms)[0m   [0;1mSELECT * FROM `pages` WHERE (`pages`.`parent_id` IS NULL) LIMIT 1[0m
  [4;35;1mCACHE (0.0ms)[0m   [0mSELECT * FROM `pages` WHERE (`pages`.`parent_id` IS NULL) LIMIT 1[0m
  [4;36;1mPage Load (47.2ms)[0m   [0;1mSELECT * FROM `pages` WHERE (`pages`.`status_id` = 90) [0m
  [4;35;1mSQL (46.1ms)[0m   [0mSHOW TABLES[0m
  [4;36;1mLayout Columns (47.6ms)[0m   [0;1mSHOW FIELDS FROM `layouts`[0m
  [4;35;1mLayout Load (47.1ms)[0m   [0mSELECT * FROM `layouts` WHERE (`layouts`.`id` = 1) ORDER BY name[0m
  [4;36;1mCACHE (0.0ms)[0m   [0;1mSELECT * FROM `pages` WHERE (`pages`.`parent_id` IS NULL) LIMIT 1[0m
  [4;35;1mCACHE (0.0ms)[0m   [0mSELECT * FROM `pages` WHERE (`pages`.`parent_id` IS NULL) LIMIT 1[0m
  [4;36;1mSnippet Columns (47.7ms)[0m   [0;1mSHOW FIELDS FROM `snippets`[0m
  [4;35;1mSnippet Load (47.2ms)[0m   [0mSELECT * FROM `snippets` WHERE (`snippets`.`name` = 'navigation') ORDER BY name LIMIT 1[0m
  [4;36;1mSQL (46.8ms)[0m   [0;1mSHOW TABLES[0m
  [4;35;1mPage Load (47.1ms)[0m   [0mSELECT * FROM `pages` WHERE ((virtual = 0) and (status_id = 100)) AND (`pages`.parent_id = 1) ORDER BY published_at ASC, virtual DESC, title ASC[0m
  [4;36;1mSnippet Load (47.4ms)[0m   [0;1mSELECT * FROM `snippets` WHERE (`snippets`.`name` = 'right_column') ORDER BY name LIMIT 1[0m
DEPRECATION WARNING: Deprecated radius tag <r:meta> will be removed or significantly changed in radiant 2.0. (called from warn_of_tag_deprecation at /Users/martins/.rvm/gems/ruby-1.9.3-p547@rockwerner/gems/radiant-1.1.4/lib/radiant/taggable.rb:55)
  [4;35;1mPagePart Load (47.2ms)[0m   [0mSELECT * FROM `page_parts` WHERE (`page_parts`.page_id = 1) ORDER BY id, name[0m
  [4;36;1mPagePart Columns (47.7ms)[0m   [0;1mSHOW FIELDS FROM `page_parts`[0m
  [4;35;1mPagePart Load (46.5ms)[0m   [0mSELECT * FROM `page_parts` WHERE (`page_parts`.`name` = 'body') AND (`page_parts`.page_id = 1) ORDER BY id LIMIT 1[0m
  [4;36;1mSnippet Load (47.0ms)[0m   [0;1mSELECT * FROM `snippets` WHERE (`snippets`.`name` = 'print_me') ORDER BY name LIMIT 1[0m
  [4;35;1mSnippet Load (47.1ms)[0m   [0mSELECT * FROM `snippets` WHERE (`snippets`.`name` = 'footer') ORDER BY name LIMIT 1[0m
  [4;36;1mSQL (46.5ms)[0m   [0;1mSHOW TABLES[0m
Completed in 1652ms (DB: 1455) | 200 [http://0.0.0.0/]
  [4;35;1mSQL (46.9ms)[0m   [0mSHOW TABLES[0m
  [4;36;1mSQL (47.0ms)[0m   [0;1mSHOW TABLES[0m
  [4;35;1mSQL (46.2ms)[0m   [0mSHOW TABLES[0m
  [4;36;1mSQL (46.6ms)[0m   [0;1mSHOW TABLES[0m
  [4;35;1mSQL (46.7ms)[0m   [0mSHOW TABLES[0m
  [4;36;1mSQL (47.1ms)[0m   [0;1mSHOW TABLES[0m
  [4;35;1mSQL (46.8ms)[0m   [0mSHOW TABLES[0m
  [4;36;1mSQL (48.5ms)[0m   [0;1mSHOW TABLES[0m
  [4;35;1mSQL (47.3ms)[0m   [0mSHOW TABLES[0m
  [4;36;1mSQL (46.8ms)[0m   [0;1mSHOW TABLES[0m
  [4;35;1mSQL (47.1ms)[0m   [0mSHOW TABLES[0m
  [4;36;1mSQL (47.1ms)[0m   [0;1mSHOW TABLES[0m
  [4;35;1mSQL (47.8ms)[0m   [0mSHOW TABLES[0m
  [4;36;1mSQL (46.6ms)[0m   [0;1mSELECT DISTINCT class_name FROM pages WHERE class_name <> '' AND class_name IS NOT NULL[0m
  [4;35;1mSQL (46.4ms)[0m   [0mSET SQL_AUTO_IS_NULL=0[0m


Processing SiteController#show_page (for 127.0.0.1 at 2014-09-12 12:31:10) [GET]
  Parameters: {"controller"=>"site", "action"=>"show_page", "url"=>["stylesheets", "main.css"]}
  [4;36;1mSQL (46.0ms)[0m   [0;1mSHOW TABLES[0m
  [4;35;1mSQL (46.1ms)[0m   [0mSHOW TABLES[0m
  [4;36;1mSQL (46.1ms)[0m   [0;1mSHOW TABLES[0m
  [4;35;1mSQL (46.2ms)[0m   [0mSHOW TABLES[0m
  [4;36;1mSQL (46.5ms)[0m   [0;1mSHOW TABLES[0m
  [4;35;1mSQL (46.2ms)[0m   [0mSHOW TABLES[0m
  [4;36;1mSQL (46.3ms)[0m   [0;1mSHOW TABLES[0m
  [4;35;1mSQL (46.4ms)[0m   [0mSHOW TABLES[0m
  [4;36;1mSQL (46.1ms)[0m   [0;1mSHOW TABLES[0m
  [4;35;1mSQL (46.3ms)[0m   [0mSHOW TABLES[0m
  [4;36;1mSQL (46.3ms)[0m   [0;1mSHOW TABLES[0m
  [4;35;1mSQL (46.4ms)[0m   [0mSHOW TABLES[0m
  [4;36;1mSQL (45.9ms)[0m   [0;1mSHOW TABLES[0m
  [4;35;1mSQL (46.0ms)[0m   [0mSHOW TABLES[0m
  [4;36;1mPage Load (46.4ms)[0m   [0;1mSELECT * FROM `pages` WHERE (`pages`.`parent_id` IS NULL) LIMIT 1[0m
  [4;35;1mCACHE (0.0ms)[0m   [0mSELECT * FROM `pages` WHERE (`pages`.`parent_id` IS NULL) LIMIT 1[0m
  [4;36;1mPage Load (47.0ms)[0m   [0;1mSELECT * FROM `pages` WHERE (`pages`.`slug` = 'stylesheets') AND (`pages`.parent_id = 1) ORDER BY virtual DESC, title ASC LIMIT 1[0m
  [4;35;1mPage Load (47.0ms)[0m   [0mSELECT * FROM `pages` WHERE (`pages`.`id` = 1) [0m
  [4;36;1mPage Load (47.1ms)[0m   [0;1mSELECT * FROM `pages` WHERE (`pages`.`slug` = 'main.css') AND (`pages`.parent_id = 2) ORDER BY virtual DESC, title ASC LIMIT 1[0m
  [4;35;1mPage Load (47.2ms)[0m   [0mSELECT * FROM `pages` WHERE (`pages`.`id` = 2) [0m
  [4;36;1mCACHE (0.0ms)[0m   [0;1mSELECT * FROM `pages` WHERE (`pages`.`id` = 1) [0m
  [4;35;1mSQL (46.4ms)[0m   [0mSHOW TABLES[0m
  [4;36;1mLayout Load (46.5ms)[0m   [0;1mSELECT * FROM `layouts` WHERE (`layouts`.`id` = 2) ORDER BY name[0m
  [4;35;1mPagePart Load (47.4ms)[0m   [0mSELECT * FROM `page_parts` WHERE (`page_parts`.page_id = 11) ORDER BY id, name[0m
  [4;36;1mPagePart Load (50.5ms)[0m   [0;1mSELECT * FROM `page_parts` WHERE (`page_parts`.`name` = 'body') AND (`page_parts`.page_id = 11) ORDER BY id LIMIT 1[0m
  [4;35;1mSnippet Columns (46.9ms)[0m   [0mSHOW FIELDS FROM `snippets`[0m
  [4;36;1mSnippet Load (91.7ms)[0m   [0;1mSELECT * FROM `snippets` WHERE (`snippets`.`name` = 'layout.css') ORDER BY name LIMIT 1[0m
  [4;35;1mSnippet Load (46.6ms)[0m   [0mSELECT * FROM `snippets` WHERE (`snippets`.`name` = 'colors.css') ORDER BY name LIMIT 1[0m
  [4;36;1mCACHE (0.0ms)[0m   [0;1mSELECT * FROM `pages` WHERE (`pages`.`parent_id` IS NULL) LIMIT 1[0m
  [4;35;1mCACHE (0.0ms)[0m   [0mSELECT * FROM `pages` WHERE (`pages`.`parent_id` IS NULL) LIMIT 1[0m
  [4;36;1mSQL (45.9ms)[0m   [0;1mSHOW TABLES[0m
  [4;35;1mPage Load (46.2ms)[0m   [0mSELECT * FROM `pages` WHERE ((virtual = 0) and (status_id = 100)) AND (`pages`.parent_id = 1) ORDER BY published_at ASC, virtual DESC, title ASC[0m
  [4;36;1mSnippet Load (46.9ms)[0m   [0;1mSELECT * FROM `snippets` WHERE (`snippets`.`name` = 'typo.css') ORDER BY name LIMIT 1[0m
  [4;35;1mSnippet Load (47.8ms)[0m   [0mSELECT * FROM `snippets` WHERE (`snippets`.`name` = 'websitetoolbar.css') ORDER BY name LIMIT 1[0m
  [4;36;1mSQL (147.6ms)[0m   [0;1mSHOW TABLES[0m
Completed in 1718ms (DB: 1638) | 200 [http://0.0.0.0/stylesheets/main.css]
  [4;35;1mSQL (46.2ms)[0m   [0mSHOW TABLES[0m
  [4;36;1mSQL (46.1ms)[0m   [0;1mSHOW TABLES[0m
  [4;35;1mSQL (46.7ms)[0m   [0mSHOW TABLES[0m
  [4;36;1mSQL (48.6ms)[0m   [0;1mSHOW TABLES[0m
  [4;35;1mSQL (46.4ms)[0m   [0mSHOW TABLES[0m
  [4;36;1mSQL (55.4ms)[0m   [0;1mSHOW TABLES[0m
  [4;35;1mSQL (46.0ms)[0m   [0mSHOW TABLES[0m
  [4;36;1mSQL (46.4ms)[0m   [0;1mSHOW TABLES[0m
  [4;35;1mSQL (46.0ms)[0m   [0mSHOW TABLES[0m
  [4;36;1mSQL (46.2ms)[0m   [0;1mSHOW TABLES[0m
  [4;35;1mSQL (46.2ms)[0m   [0mSHOW TABLES[0m
  [4;36;1mSQL (46.8ms)[0m   [0;1mSHOW TABLES[0m
  [4;35;1mSQL (45.8ms)[0m   [0mSHOW TABLES[0m
  [4;36;1mSQL (46.1ms)[0m   [0;1mSELECT DISTINCT class_name FROM pages WHERE class_name <> '' AND class_name IS NOT NULL[0m
  [4;35;1mSQL (45.7ms)[0m   [0mSET SQL_AUTO_IS_NULL=0[0m


Processing SiteController#show_page (for 127.0.0.1 at 2014-09-12 12:31:13) [GET]
  Parameters: {"controller"=>"site", "action"=>"show_page", "url"=>["images", "logo.png"]}
  [4;36;1mSQL (47.7ms)[0m   [0;1mSHOW TABLES[0m
  [4;35;1mSQL (46.2ms)[0m   [0mSHOW TABLES[0m
  [4;36;1mSQL (49.6ms)[0m   [0;1mSHOW TABLES[0m
  [4;35;1mSQL (46.0ms)[0m   [0mSHOW TABLES[0m
  [4;36;1mSQL (50.4ms)[0m   [0;1mSHOW TABLES[0m
  [4;35;1mSQL (46.4ms)[0m   [0mSHOW TABLES[0m
  [4;36;1mSQL (52.5ms)[0m   [0;1mSHOW TABLES[0m
  [4;35;1mSQL (68.4ms)[0m   [0mSHOW TABLES[0m
  [4;36;1mSQL (47.8ms)[0m   [0;1mSHOW TABLES[0m
  [4;35;1mSQL (46.3ms)[0m   [0mSHOW TABLES[0m
  [4;36;1mSQL (46.4ms)[0m   [0;1mSHOW TABLES[0m
  [4;35;1mSQL (46.2ms)[0m   [0mSHOW TABLES[0m
  [4;36;1mSQL (48.8ms)[0m   [0;1mSHOW TABLES[0m
  [4;35;1mSQL (46.3ms)[0m   [0mSHOW TABLES[0m
  [4;36;1mPage Load (47.2ms)[0m   [0;1mSELECT * FROM `pages` WHERE (`pages`.`parent_id` IS NULL) LIMIT 1[0m
  [4;35;1mCACHE (0.0ms)[0m   [0mSELECT * FROM `pages` WHERE (`pages`.`parent_id` IS NULL) LIMIT 1[0m
  [4;36;1mPage Load (53.6ms)[0m   [0;1mSELECT * FROM `pages` WHERE (`pages`.`slug` = 'images') AND (`pages`.parent_id = 1) ORDER BY virtual DESC, title ASC LIMIT 1[0m
  [4;35;1mPage Load (48.9ms)[0m   [0mSELECT * FROM `pages` WHERE (`pages`.parent_id = 1) ORDER BY virtual DESC, title ASC[0m
  [4;36;1mPage Load (50.1ms)[0m   [0;1mSELECT * FROM `pages` WHERE (`pages`.`id` = 1) [0m
  [4;35;1mCACHE (0.0ms)[0m   [0mSELECT * FROM `pages` WHERE (`pages`.`id` = 1) [0m
  [4;36;1mCACHE (0.0ms)[0m   [0;1mSELECT * FROM `pages` WHERE (`pages`.`id` = 1) [0m
  [4;35;1mCACHE (0.0ms)[0m   [0mSELECT * FROM `pages` WHERE (`pages`.`id` = 1) [0m
  [4;36;1mCACHE (0.0ms)[0m   [0;1mSELECT * FROM `pages` WHERE (`pages`.`id` = 1) [0m
  [4;35;1mCACHE (0.0ms)[0m   [0mSELECT * FROM `pages` WHERE (`pages`.`id` = 1) [0m
  [4;36;1mPage Load (50.6ms)[0m   [0;1mSELECT * FROM `pages` WHERE (`pages`.parent_id = 1 AND (status_id = 100 and (class_name = 'FileNotFoundPage'))) ORDER BY virtual DESC, title ASC LIMIT 1[0m
  [4;35;1mSQL (46.1ms)[0m   [0mSHOW TABLES[0m
  [4;36;1mFileNotFoundPage Columns (46.9ms)[0m   [0;1mSHOW FIELDS FROM `pages`[0m
  [4;35;1mCACHE (0.0ms)[0m   [0mSELECT * FROM `pages` WHERE (`pages`.`id` = 1) [0m
  [4;36;1mLayout Load (47.0ms)[0m   [0;1mSELECT * FROM `layouts` WHERE (`layouts`.`id` = 1) ORDER BY name[0m
  [4;35;1mCACHE (0.0ms)[0m   [0mSELECT * FROM `pages` WHERE (`pages`.`parent_id` IS NULL) LIMIT 1[0m
  [4;36;1mCACHE (0.0ms)[0m   [0;1mSELECT * FROM `pages` WHERE (`pages`.`parent_id` IS NULL) LIMIT 1[0m
  [4;35;1mSnippet Columns (47.2ms)[0m   [0mSHOW FIELDS FROM `snippets`[0m
  [4;36;1mSnippet Load (46.6ms)[0m   [0;1mSELECT * FROM `snippets` WHERE (`snippets`.`name` = 'navigation') ORDER BY name LIMIT 1[0m
  [4;35;1mSQL (45.9ms)[0m   [0mSHOW TABLES[0m
  [4;36;1mPage Load (46.2ms)[0m   [0;1mSELECT * FROM `pages` WHERE ((virtual = 0) and (status_id = 100)) AND (`pages`.parent_id = 1) ORDER BY published_at ASC, virtual DESC, title ASC[0m
  [4;35;1mSnippet Load (46.1ms)[0m   [0mSELECT * FROM `snippets` WHERE (`snippets`.`name` = 'right_column') ORDER BY name LIMIT 1[0m
DEPRECATION WARNING: Deprecated radius tag <r:meta> will be removed or significantly changed in radiant 2.0. (called from warn_of_tag_deprecation at /Users/martins/.rvm/gems/ruby-1.9.3-p547@rockwerner/gems/radiant-1.1.4/lib/radiant/taggable.rb:55)
  [4;36;1mPagePart Load (46.4ms)[0m   [0;1mSELECT * FROM `page_parts` WHERE (`page_parts`.page_id = 9) ORDER BY id, name[0m
  [4;35;1mPagePart Load (47.4ms)[0m   [0mSELECT * FROM `page_parts` WHERE (`page_parts`.`name` = 'body') AND (`page_parts`.page_id = 9) ORDER BY id LIMIT 1[0m
  [4;36;1mSnippet Load (48.6ms)[0m   [0;1mSELECT * FROM `snippets` WHERE (`snippets`.`name` = 'print_me') ORDER BY name LIMIT 1[0m
  [4;35;1mSnippet Load (46.4ms)[0m   [0mSELECT * FROM `snippets` WHERE (`snippets`.`name` = 'footer') ORDER BY name LIMIT 1[0m
  [4;36;1mSQL (45.9ms)[0m   [0;1mSHOW TABLES[0m
Completed in 1735ms (DB: 1592) | 404 [http://0.0.0.0/images/logo.png]
  [4;35;1mSQL (46.3ms)[0m   [0mSHOW TABLES[0m
  [4;36;1mSQL (46.5ms)[0m   [0;1mSHOW TABLES[0m
  [4;35;1mSQL (46.4ms)[0m   [0mSHOW TABLES[0m
  [4;36;1mSQL (46.1ms)[0m   [0;1mSHOW TABLES[0m
  [4;35;1mSQL (46.7ms)[0m   [0mSHOW TABLES[0m
  [4;36;1mSQL (46.3ms)[0m   [0;1mSHOW TABLES[0m
  [4;35;1mSQL (46.4ms)[0m   [0mSHOW TABLES[0m
  [4;36;1mSQL (46.2ms)[0m   [0;1mSHOW TABLES[0m
  [4;35;1mSQL (47.4ms)[0m   [0mSHOW TABLES[0m
  [4;36;1mSQL (46.4ms)[0m   [0;1mSHOW TABLES[0m
  [4;35;1mSQL (50.0ms)[0m   [0mSHOW TABLES[0m
  [4;36;1mSQL (47.2ms)[0m   [0;1mSHOW TABLES[0m
  [4;35;1mSQL (46.5ms)[0m   [0mSHOW TABLES[0m
  [4;36;1mSQL (45.9ms)[0m   [0;1mSELECT DISTINCT class_name FROM pages WHERE class_name <> '' AND class_name IS NOT NULL[0m
  [4;35;1mSQL (46.8ms)[0m   [0mSET SQL_AUTO_IS_NULL=0[0m


Processing SiteController#show_page (for 127.0.0.1 at 2014-09-12 12:31:16) [GET]
  Parameters: {"controller"=>"site", "action"=>"show_page", "url"=>["stylesheets", "print.css"]}
  [4;36;1mSQL (46.1ms)[0m   [0;1mSHOW TABLES[0m
  [4;35;1mSQL (46.4ms)[0m   [0mSHOW TABLES[0m
  [4;36;1mSQL (47.1ms)[0m   [0;1mSHOW TABLES[0m
  [4;35;1mSQL (57.1ms)[0m   [0mSHOW TABLES[0m
  [4;36;1mSQL (46.2ms)[0m   [0;1mSHOW TABLES[0m
  [4;35;1mSQL (46.2ms)[0m   [0mSHOW TABLES[0m
  [4;36;1mSQL (46.2ms)[0m   [0;1mSHOW TABLES[0m
  [4;35;1mSQL (46.9ms)[0m   [0mSHOW TABLES[0m
  [4;36;1mSQL (46.2ms)[0m   [0;1mSHOW TABLES[0m
  [4;35;1mSQL (47.8ms)[0m   [0mSHOW TABLES[0m
  [4;36;1mSQL (46.2ms)[0m   [0;1mSHOW TABLES[0m
  [4;35;1mSQL (46.0ms)[0m   [0mSHOW TABLES[0m
  [4;36;1mSQL (46.1ms)[0m   [0;1mSHOW TABLES[0m
  [4;35;1mSQL (46.5ms)[0m   [0mSHOW TABLES[0m
  [4;36;1mPage Load (46.6ms)[0m   [0;1mSELECT * FROM `pages` WHERE (`pages`.`parent_id` IS NULL) LIMIT 1[0m
  [4;35;1mCACHE (0.0ms)[0m   [0mSELECT * FROM `pages` WHERE (`pages`.`parent_id` IS NULL) LIMIT 1[0m
  [4;36;1mPage Load (47.1ms)[0m   [0;1mSELECT * FROM `pages` WHERE (`pages`.`slug` = 'stylesheets') AND (`pages`.parent_id = 1) ORDER BY virtual DESC, title ASC LIMIT 1[0m
  [4;35;1mPage Load (47.5ms)[0m   [0mSELECT * FROM `pages` WHERE (`pages`.`id` = 1) [0m
  [4;36;1mPage Load (46.7ms)[0m   [0;1mSELECT * FROM `pages` WHERE (`pages`.`slug` = 'print.css') AND (`pages`.parent_id = 2) ORDER BY virtual DESC, title ASC LIMIT 1[0m
  [4;35;1mPage Load (46.6ms)[0m   [0mSELECT * FROM `pages` WHERE (`pages`.`id` = 2) [0m
  [4;36;1mCACHE (0.0ms)[0m   [0;1mSELECT * FROM `pages` WHERE (`pages`.`id` = 1) [0m
  [4;35;1mSQL (46.7ms)[0m   [0mSHOW TABLES[0m
  [4;36;1mLayout Load (50.8ms)[0m   [0;1mSELECT * FROM `layouts` WHERE (`layouts`.`id` = 2) ORDER BY name[0m
  [4;35;1mPagePart Load (46.4ms)[0m   [0mSELECT * FROM `page_parts` WHERE (`page_parts`.page_id = 26) ORDER BY id, name[0m
  [4;36;1mPagePart Load (46.6ms)[0m   [0;1mSELECT * FROM `page_parts` WHERE (`page_parts`.`name` = 'body') AND (`page_parts`.page_id = 26) ORDER BY id LIMIT 1[0m
  [4;35;1mSQL (46.4ms)[0m   [0mSHOW TABLES[0m
Completed in 1169ms (DB: 1179) | 200 [http://0.0.0.0/stylesheets/print.css]
  [4;36;1mSQL (46.0ms)[0m   [0;1mSHOW TABLES[0m
  [4;35;1mSQL (46.6ms)[0m   [0mSHOW TABLES[0m
  [4;36;1mSQL (46.5ms)[0m   [0;1mSHOW TABLES[0m
  [4;35;1mSQL (48.3ms)[0m   [0mSHOW TABLES[0m
  [4;36;1mSQL (47.5ms)[0m   [0;1mSHOW TABLES[0m
  [4;35;1mSQL (46.5ms)[0m   [0mSHOW TABLES[0m
  [4;36;1mSQL (46.4ms)[0m   [0;1mSHOW TABLES[0m
  [4;35;1mSQL (46.4ms)[0m   [0mSHOW TABLES[0m
  [4;36;1mSQL (46.4ms)[0m   [0;1mSHOW TABLES[0m
  [4;35;1mSQL (47.0ms)[0m   [0mSHOW TABLES[0m
  [4;36;1mSQL (52.6ms)[0m   [0;1mSHOW TABLES[0m
  [4;35;1mSQL (47.2ms)[0m   [0mSHOW TABLES[0m
  [4;36;1mSQL (46.4ms)[0m   [0;1mSHOW TABLES[0m
  [4;35;1mSQL (46.3ms)[0m   [0mSELECT DISTINCT class_name FROM pages WHERE class_name <> '' AND class_name IS NOT NULL[0m
  [4;36;1mSQL (45.6ms)[0m   [0;1mSET SQL_AUTO_IS_NULL=0[0m


Processing SiteController#show_page (for 127.0.0.1 at 2014-09-12 12:31:19) [GET]
  Parameters: {"controller"=>"site", "action"=>"show_page", "url"=>["images", "top_menu_bg-800.png"]}
  [4;35;1mSQL (46.2ms)[0m   [0mSHOW TABLES[0m
  [4;36;1mSQL (46.5ms)[0m   [0;1mSHOW TABLES[0m
  [4;35;1mSQL (46.3ms)[0m   [0mSHOW TABLES[0m
  [4;36;1mSQL (46.2ms)[0m   [0;1mSHOW TABLES[0m
  [4;35;1mSQL (46.5ms)[0m   [0mSHOW TABLES[0m
  [4;36;1mSQL (45.8ms)[0m   [0;1mSHOW TABLES[0m
  [4;35;1mSQL (46.9ms)[0m   [0mSHOW TABLES[0m
  [4;36;1mSQL (45.8ms)[0m   [0;1mSHOW TABLES[0m
  [4;35;1mSQL (46.5ms)[0m   [0mSHOW TABLES[0m
  [4;36;1mSQL (46.0ms)[0m   [0;1mSHOW TABLES[0m
  [4;35;1mSQL (46.0ms)[0m   [0mSHOW TABLES[0m
  [4;36;1mSQL (46.4ms)[0m   [0;1mSHOW TABLES[0m
  [4;35;1mSQL (51.6ms)[0m   [0mSHOW TABLES[0m
  [4;36;1mSQL (46.2ms)[0m   [0;1mSHOW TABLES[0m
  [4;35;1mPage Load (46.1ms)[0m   [0mSELECT * FROM `pages` WHERE (`pages`.`parent_id` IS NULL) LIMIT 1[0m
  [4;36;1mCACHE (0.0ms)[0m   [0;1mSELECT * FROM `pages` WHERE (`pages`.`parent_id` IS NULL) LIMIT 1[0m
  [4;35;1mPage Load (48.8ms)[0m   [0mSELECT * FROM `pages` WHERE (`pages`.`slug` = 'images') AND (`pages`.parent_id = 1) ORDER BY virtual DESC, title ASC LIMIT 1[0m
  [4;36;1mPage Load (46.1ms)[0m   [0;1mSELECT * FROM `pages` WHERE (`pages`.parent_id = 1) ORDER BY virtual DESC, title ASC[0m
  [4;35;1mPage Load (46.3ms)[0m   [0mSELECT * FROM `pages` WHERE (`pages`.`id` = 1) [0m
  [4;36;1mCACHE (0.0ms)[0m   [0;1mSELECT * FROM `pages` WHERE (`pages`.`id` = 1) [0m
  [4;35;1mCACHE (0.0ms)[0m   [0mSELECT * FROM `pages` WHERE (`pages`.`id` = 1) [0m
  [4;36;1mCACHE (0.0ms)[0m   [0;1mSELECT * FROM `pages` WHERE (`pages`.`id` = 1) [0m
  [4;35;1mCACHE (0.0ms)[0m   [0mSELECT * FROM `pages` WHERE (`pages`.`id` = 1) [0m
  [4;36;1mCACHE (0.0ms)[0m   [0;1mSELECT * FROM `pages` WHERE (`pages`.`id` = 1) [0m
  [4;35;1mPage Load (46.1ms)[0m   [0mSELECT * FROM `pages` WHERE (`pages`.parent_id = 1 AND (status_id = 100 and (class_name = 'FileNotFoundPage'))) ORDER BY virtual DESC, title ASC LIMIT 1[0m
  [4;36;1mSQL (47.1ms)[0m   [0;1mSHOW TABLES[0m
  [4;35;1mCACHE (0.0ms)[0m   [0mSELECT * FROM `pages` WHERE (`pages`.`id` = 1) [0m
  [4;36;1mLayout Load (46.6ms)[0m   [0;1mSELECT * FROM `layouts` WHERE (`layouts`.`id` = 1) ORDER BY name[0m
  [4;35;1mCACHE (0.0ms)[0m   [0mSELECT * FROM `pages` WHERE (`pages`.`parent_id` IS NULL) LIMIT 1[0m
  [4;36;1mCACHE (0.0ms)[0m   [0;1mSELECT * FROM `pages` WHERE (`pages`.`parent_id` IS NULL) LIMIT 1[0m
  [4;35;1mSnippet Columns (47.0ms)[0m   [0mSHOW FIELDS FROM `snippets`[0m
  [4;36;1mSnippet Load (46.4ms)[0m   [0;1mSELECT * FROM `snippets` WHERE (`snippets`.`name` = 'navigation') ORDER BY name LIMIT 1[0m
  [4;35;1mSQL (46.1ms)[0m   [0mSHOW TABLES[0m
  [4;36;1mPage Load (47.2ms)[0m   [0;1mSELECT * FROM `pages` WHERE ((virtual = 0) and (status_id = 100)) AND (`pages`.parent_id = 1) ORDER BY published_at ASC, virtual DESC, title ASC[0m
  [4;35;1mSnippet Load (46.1ms)[0m   [0mSELECT * FROM `snippets` WHERE (`snippets`.`name` = 'right_column') ORDER BY name LIMIT 1[0m
DEPRECATION WARNING: Deprecated radius tag <r:meta> will be removed or significantly changed in radiant 2.0. (called from warn_of_tag_deprecation at /Users/martins/.rvm/gems/ruby-1.9.3-p547@rockwerner/gems/radiant-1.1.4/lib/radiant/taggable.rb:55)
  [4;36;1mPagePart Load (46.2ms)[0m   [0;1mSELECT * FROM `page_parts` WHERE (`page_parts`.page_id = 9) ORDER BY id, name[0m
  [4;35;1mPagePart Load (46.1ms)[0m   [0mSELECT * FROM `page_parts` WHERE (`page_parts`.`name` = 'body') AND (`page_parts`.page_id = 9) ORDER BY id LIMIT 1[0m
  [4;36;1mSnippet Load (46.4ms)[0m   [0;1mSELECT * FROM `snippets` WHERE (`snippets`.`name` = 'print_me') ORDER BY name LIMIT 1[0m
  [4;35;1mSnippet Load (46.3ms)[0m   [0mSELECT * FROM `snippets` WHERE (`snippets`.`name` = 'footer') ORDER BY name LIMIT 1[0m
  [4;36;1mSQL (49.9ms)[0m   [0;1mSHOW TABLES[0m
Completed in 1636ms (DB: 1493) | 404 [http://0.0.0.0/images/top_menu_bg-800.png]
  [4;35;1mSQL (46.6ms)[0m   [0mSHOW TABLES[0m
  [4;36;1mSQL (47.6ms)[0m   [0;1mSHOW TABLES[0m
  [4;35;1mSQL (46.5ms)[0m   [0mSHOW TABLES[0m
  [4;36;1mSQL (45.9ms)[0m   [0;1mSHOW TABLES[0m
  [4;35;1mSQL (47.1ms)[0m   [0mSHOW TABLES[0m
  [4;36;1mSQL (46.8ms)[0m   [0;1mSHOW TABLES[0m
  [4;35;1mSQL (46.2ms)[0m   [0mSHOW TABLES[0m
  [4;36;1mSQL (46.1ms)[0m   [0;1mSHOW TABLES[0m
  [4;35;1mSQL (45.9ms)[0m   [0mSHOW TABLES[0m
  [4;36;1mSQL (45.9ms)[0m   [0;1mSHOW TABLES[0m
  [4;35;1mSQL (46.0ms)[0m   [0mSHOW TABLES[0m
  [4;36;1mSQL (46.3ms)[0m   [0;1mSHOW TABLES[0m
  [4;35;1mSQL (46.3ms)[0m   [0mSHOW TABLES[0m
  [4;36;1mSQL (46.0ms)[0m   [0;1mSELECT DISTINCT class_name FROM pages WHERE class_name <> '' AND class_name IS NOT NULL[0m
  [4;35;1mSQL (47.1ms)[0m   [0mSET SQL_AUTO_IS_NULL=0[0m


Processing SiteController#show_page (for 127.0.0.1 at 2014-09-12 12:31:22) [GET]
  Parameters: {"controller"=>"site", "action"=>"show_page", "url"=>["images", "content_bottom-800.png"]}
  [4;36;1mSQL (46.7ms)[0m   [0;1mSHOW TABLES[0m
  [4;35;1mSQL (50.8ms)[0m   [0mSHOW TABLES[0m
  [4;36;1mSQL (46.9ms)[0m   [0;1mSHOW TABLES[0m
  [4;35;1mSQL (46.6ms)[0m   [0mSHOW TABLES[0m
  [4;36;1mSQL (46.5ms)[0m   [0;1mSHOW TABLES[0m
  [4;35;1mSQL (46.6ms)[0m   [0mSHOW TABLES[0m
  [4;36;1mSQL (47.0ms)[0m   [0;1mSHOW TABLES[0m
  [4;35;1mSQL (46.8ms)[0m   [0mSHOW TABLES[0m
  [4;36;1mSQL (47.8ms)[0m   [0;1mSHOW TABLES[0m
  [4;35;1mSQL (46.8ms)[0m   [0mSHOW TABLES[0m
  [4;36;1mSQL (46.5ms)[0m   [0;1mSHOW TABLES[0m
  [4;35;1mSQL (46.6ms)[0m   [0mSHOW TABLES[0m
  [4;36;1mSQL (46.9ms)[0m   [0;1mSHOW TABLES[0m
  [4;35;1mSQL (46.7ms)[0m   [0mSHOW TABLES[0m
  [4;36;1mPage Load (46.5ms)[0m   [0;1mSELECT * FROM `pages` WHERE (`pages`.`parent_id` IS NULL) LIMIT 1[0m
  [4;35;1mCACHE (0.0ms)[0m   [0mSELECT * FROM `pages` WHERE (`pages`.`parent_id` IS NULL) LIMIT 1[0m
  [4;36;1mPage Load (46.6ms)[0m   [0;1mSELECT * FROM `pages` WHERE (`pages`.`slug` = 'images') AND (`pages`.parent_id = 1) ORDER BY virtual DESC, title ASC LIMIT 1[0m
  [4;35;1mPage Load (46.7ms)[0m   [0mSELECT * FROM `pages` WHERE (`pages`.parent_id = 1) ORDER BY virtual DESC, title ASC[0m
  [4;36;1mPage Load (47.0ms)[0m   [0;1mSELECT * FROM `pages` WHERE (`pages`.`id` = 1) [0m
  [4;35;1mCACHE (0.0ms)[0m   [0mSELECT * FROM `pages` WHERE (`pages`.`id` = 1) [0m
  [4;36;1mCACHE (0.0ms)[0m   [0;1mSELECT * FROM `pages` WHERE (`pages`.`id` = 1) [0m
  [4;35;1mCACHE (0.0ms)[0m   [0mSELECT * FROM `pages` WHERE (`pages`.`id` = 1) [0m
  [4;36;1mCACHE (0.0ms)[0m   [0;1mSELECT * FROM `pages` WHERE (`pages`.`id` = 1) [0m
  [4;35;1mCACHE (0.0ms)[0m   [0mSELECT * FROM `pages` WHERE (`pages`.`id` = 1) [0m
  [4;36;1mPage Load (48.6ms)[0m   [0;1mSELECT * FROM `pages` WHERE (`pages`.parent_id = 1 AND (status_id = 100 and (class_name = 'FileNotFoundPage'))) ORDER BY virtual DESC, title ASC LIMIT 1[0m
  [4;35;1mSQL (46.5ms)[0m   [0mSHOW TABLES[0m
  [4;36;1mCACHE (0.0ms)[0m   [0;1mSELECT * FROM `pages` WHERE (`pages`.`id` = 1) [0m
  [4;35;1mLayout Load (47.3ms)[0m   [0mSELECT * FROM `layouts` WHERE (`layouts`.`id` = 1) ORDER BY name[0m
  [4;36;1mCACHE (0.0ms)[0m   [0;1mSELECT * FROM `pages` WHERE (`pages`.`parent_id` IS NULL) LIMIT 1[0m
  [4;35;1mCACHE (0.0ms)[0m   [0mSELECT * FROM `pages` WHERE (`pages`.`parent_id` IS NULL) LIMIT 1[0m
  [4;36;1mSnippet Columns (48.8ms)[0m   [0;1mSHOW FIELDS FROM `snippets`[0m
  [4;35;1mSnippet Load (47.0ms)[0m   [0mSELECT * FROM `snippets` WHERE (`snippets`.`name` = 'navigation') ORDER BY name LIMIT 1[0m
  [4;36;1mSQL (51.5ms)[0m   [0;1mSHOW TABLES[0m
  [4;35;1mPage Load (49.2ms)[0m   [0mSELECT * FROM `pages` WHERE ((virtual = 0) and (status_id = 100)) AND (`pages`.parent_id = 1) ORDER BY published_at ASC, virtual DESC, title ASC[0m
  [4;36;1mSnippet Load (47.4ms)[0m   [0;1mSELECT * FROM `snippets` WHERE (`snippets`.`name` = 'right_column') ORDER BY name LIMIT 1[0m
DEPRECATION WARNING: Deprecated radius tag <r:meta> will be removed or significantly changed in radiant 2.0. (called from warn_of_tag_deprecation at /Users/martins/.rvm/gems/ruby-1.9.3-p547@rockwerner/gems/radiant-1.1.4/lib/radiant/taggable.rb:55)
  [4;35;1mPagePart Load (48.6ms)[0m   [0mSELECT * FROM `page_parts` WHERE (`page_parts`.page_id = 9) ORDER BY id, name[0m
  [4;36;1mPagePart Load (47.7ms)[0m   [0;1mSELECT * FROM `page_parts` WHERE (`page_parts`.`name` = 'body') AND (`page_parts`.page_id = 9) ORDER BY id LIMIT 1[0m
  [4;35;1mSnippet Load (47.0ms)[0m   [0mSELECT * FROM `snippets` WHERE (`snippets`.`name` = 'print_me') ORDER BY name LIMIT 1[0m
  [4;36;1mSnippet Load (46.8ms)[0m   [0;1mSELECT * FROM `snippets` WHERE (`snippets`.`name` = 'footer') ORDER BY name LIMIT 1[0m
  [4;35;1mSQL (53.9ms)[0m   [0mSHOW TABLES[0m
Completed in 1639ms (DB: 1523) | 404 [http://0.0.0.0/images/content_bottom-800.png]
  [4;36;1mSQL (47.0ms)[0m   [0;1mSHOW TABLES[0m
  [4;35;1mSQL (48.0ms)[0m   [0mSHOW TABLES[0m
  [4;36;1mSQL (48.0ms)[0m   [0;1mSHOW TABLES[0m
  [4;35;1mSQL (46.6ms)[0m   [0mSHOW TABLES[0m
  [4;36;1mSQL (46.6ms)[0m   [0;1mSHOW TABLES[0m
  [4;35;1mSQL (47.0ms)[0m   [0mSHOW TABLES[0m
  [4;36;1mSQL (47.2ms)[0m   [0;1mSHOW TABLES[0m
  [4;35;1mSQL (46.6ms)[0m   [0mSHOW TABLES[0m
  [4;36;1mSQL (47.3ms)[0m   [0;1mSHOW TABLES[0m
  [4;35;1mSQL (46.9ms)[0m   [0mSHOW TABLES[0m
  [4;36;1mSQL (46.8ms)[0m   [0;1mSHOW TABLES[0m
  [4;35;1mSQL (46.7ms)[0m   [0mSHOW TABLES[0m
  [4;36;1mSQL (47.7ms)[0m   [0;1mSHOW TABLES[0m
  [4;35;1mSQL (46.2ms)[0m   [0mSELECT DISTINCT class_name FROM pages WHERE class_name <> '' AND class_name IS NOT NULL[0m
  [4;36;1mSQL (46.6ms)[0m   [0;1mSET SQL_AUTO_IS_NULL=0[0m


Processing SiteController#show_page (for 127.0.0.1 at 2014-09-12 12:31:25) [GET]
  Parameters: {"controller"=>"site", "action"=>"show_page", "url"=>["images", "bg_new.jpeg"]}
  [4;35;1mSQL (46.8ms)[0m   [0mSHOW TABLES[0m
  [4;36;1mSQL (47.2ms)[0m   [0;1mSHOW TABLES[0m
  [4;35;1mSQL (46.9ms)[0m   [0mSHOW TABLES[0m
  [4;36;1mSQL (53.3ms)[0m   [0;1mSHOW TABLES[0m
  [4;35;1mSQL (47.6ms)[0m   [0mSHOW TABLES[0m
  [4;36;1mSQL (47.1ms)[0m   [0;1mSHOW TABLES[0m
  [4;35;1mSQL (47.2ms)[0m   [0mSHOW TABLES[0m
  [4;36;1mSQL (46.8ms)[0m   [0;1mSHOW TABLES[0m
  [4;35;1mSQL (47.1ms)[0m   [0mSHOW TABLES[0m
  [4;36;1mSQL (50.0ms)[0m   [0;1mSHOW TABLES[0m
  [4;35;1mSQL (47.2ms)[0m   [0mSHOW TABLES[0m
  [4;36;1mSQL (47.6ms)[0m   [0;1mSHOW TABLES[0m
  [4;35;1mSQL (47.0ms)[0m   [0mSHOW TABLES[0m
  [4;36;1mSQL (46.8ms)[0m   [0;1mSHOW TABLES[0m
  [4;35;1mPage Load (47.0ms)[0m   [0mSELECT * FROM `pages` WHERE (`pages`.`parent_id` IS NULL) LIMIT 1[0m
  [4;36;1mCACHE (0.0ms)[0m   [0;1mSELECT * FROM `pages` WHERE (`pages`.`parent_id` IS NULL) LIMIT 1[0m
  [4;35;1mPage Load (47.7ms)[0m   [0mSELECT * FROM `pages` WHERE (`pages`.`slug` = 'images') AND (`pages`.parent_id = 1) ORDER BY virtual DESC, title ASC LIMIT 1[0m
  [4;36;1mPage Load (149.6ms)[0m   [0;1mSELECT * FROM `pages` WHERE (`pages`.parent_id = 1) ORDER BY virtual DESC, title ASC[0m
  [4;35;1mPage Load (47.2ms)[0m   [0mSELECT * FROM `pages` WHERE (`pages`.`id` = 1) [0m
  [4;36;1mCACHE (0.0ms)[0m   [0;1mSELECT * FROM `pages` WHERE (`pages`.`id` = 1) [0m
  [4;35;1mCACHE (0.0ms)[0m   [0mSELECT * FROM `pages` WHERE (`pages`.`id` = 1) [0m
  [4;36;1mCACHE (0.0ms)[0m   [0;1mSELECT * FROM `pages` WHERE (`pages`.`id` = 1) [0m
  [4;35;1mCACHE (0.0ms)[0m   [0mSELECT * FROM `pages` WHERE (`pages`.`id` = 1) [0m
  [4;36;1mCACHE (0.0ms)[0m   [0;1mSELECT * FROM `pages` WHERE (`pages`.`id` = 1) [0m
  [4;35;1mPage Load (47.6ms)[0m   [0mSELECT * FROM `pages` WHERE (`pages`.parent_id = 1 AND (status_id = 100 and (class_name = 'FileNotFoundPage'))) ORDER BY virtual DESC, title ASC LIMIT 1[0m
  [4;36;1mSQL (47.1ms)[0m   [0;1mSHOW TABLES[0m
  [4;35;1mCACHE (0.0ms)[0m   [0mSELECT * FROM `pages` WHERE (`pages`.`id` = 1) [0m
  [4;36;1mLayout Load (47.9ms)[0m   [0;1mSELECT * FROM `layouts` WHERE (`layouts`.`id` = 1) ORDER BY name[0m
  [4;35;1mCACHE (0.0ms)[0m   [0mSELECT * FROM `pages` WHERE (`pages`.`parent_id` IS NULL) LIMIT 1[0m
  [4;36;1mCACHE (0.0ms)[0m   [0;1mSELECT * FROM `pages` WHERE (`pages`.`parent_id` IS NULL) LIMIT 1[0m
  [4;35;1mSnippet Columns (48.2ms)[0m   [0mSHOW FIELDS FROM `snippets`[0m
  [4;36;1mSnippet Load (51.8ms)[0m   [0;1mSELECT * FROM `snippets` WHERE (`snippets`.`name` = 'navigation') ORDER BY name LIMIT 1[0m
  [4;35;1mSQL (46.7ms)[0m   [0mSHOW TABLES[0m
  [4;36;1mPage Load (46.8ms)[0m   [0;1mSELECT * FROM `pages` WHERE ((virtual = 0) and (status_id = 100)) AND (`pages`.parent_id = 1) ORDER BY published_at ASC, virtual DESC, title ASC[0m
  [4;35;1mSnippet Load (46.5ms)[0m   [0mSELECT * FROM `snippets` WHERE (`snippets`.`name` = 'right_column') ORDER BY name LIMIT 1[0m
DEPRECATION WARNING: Deprecated radius tag <r:meta> will be removed or significantly changed in radiant 2.0. (called from warn_of_tag_deprecation at /Users/martins/.rvm/gems/ruby-1.9.3-p547@rockwerner/gems/radiant-1.1.4/lib/radiant/taggable.rb:55)
  [4;36;1mPagePart Load (46.5ms)[0m   [0;1mSELECT * FROM `page_parts` WHERE (`page_parts`.page_id = 9) ORDER BY id, name[0m
  [4;35;1mPagePart Load (46.2ms)[0m   [0mSELECT * FROM `page_parts` WHERE (`page_parts`.`name` = 'body') AND (`page_parts`.page_id = 9) ORDER BY id LIMIT 1[0m
  [4;36;1mSnippet Load (49.8ms)[0m   [0;1mSELECT * FROM `snippets` WHERE (`snippets`.`name` = 'print_me') ORDER BY name LIMIT 1[0m
  [4;35;1mSnippet Load (46.8ms)[0m   [0mSELECT * FROM `snippets` WHERE (`snippets`.`name` = 'footer') ORDER BY name LIMIT 1[0m
  [4;36;1mSQL (47.0ms)[0m   [0;1mSHOW TABLES[0m
Completed in 1747ms (DB: 1626) | 404 [http://0.0.0.0/images/bg_new.jpeg]
  [4;35;1mSQL (46.3ms)[0m   [0mSHOW TABLES[0m
  [4;36;1mSQL (46.4ms)[0m   [0;1mSHOW TABLES[0m
  [4;35;1mSQL (46.9ms)[0m   [0mSHOW TABLES[0m
  [4;36;1mSQL (46.8ms)[0m   [0;1mSHOW TABLES[0m
  [4;35;1mSQL (46.2ms)[0m   [0mSHOW TABLES[0m
  [4;36;1mSQL (46.4ms)[0m   [0;1mSHOW TABLES[0m
  [4;35;1mSQL (46.5ms)[0m   [0mSHOW TABLES[0m
  [4;36;1mSQL (47.9ms)[0m   [0;1mSHOW TABLES[0m
  [4;35;1mSQL (48.1ms)[0m   [0mSHOW TABLES[0m
  [4;36;1mSQL (46.5ms)[0m   [0;1mSHOW TABLES[0m
  [4;35;1mSQL (46.4ms)[0m   [0mSHOW TABLES[0m
  [4;36;1mSQL (52.3ms)[0m   [0;1mSHOW TABLES[0m
  [4;35;1mSQL (47.1ms)[0m   [0mSHOW TABLES[0m
  [4;36;1mSQL (67.3ms)[0m   [0;1mSELECT DISTINCT class_name FROM pages WHERE class_name <> '' AND class_name IS NOT NULL[0m
  [4;35;1mSQL (46.3ms)[0m   [0mSET SQL_AUTO_IS_NULL=0[0m


Processing SiteController#show_page (for 127.0.0.1 at 2014-09-12 12:31:28) [GET]
  Parameters: {"controller"=>"site", "action"=>"show_page", "url"=>["contact_us"]}
  [4;36;1mSQL (46.4ms)[0m   [0;1mSHOW TABLES[0m
  [4;35;1mSQL (46.2ms)[0m   [0mSHOW TABLES[0m
  [4;36;1mSQL (51.4ms)[0m   [0;1mSHOW TABLES[0m
  [4;35;1mSQL (46.3ms)[0m   [0mSHOW TABLES[0m
  [4;36;1mSQL (46.4ms)[0m   [0;1mSHOW TABLES[0m
  [4;35;1mSQL (46.1ms)[0m   [0mSHOW TABLES[0m
  [4;36;1mSQL (46.1ms)[0m   [0;1mSHOW TABLES[0m
  [4;35;1mSQL (46.4ms)[0m   [0mSHOW TABLES[0m
  [4;36;1mSQL (46.3ms)[0m   [0;1mSHOW TABLES[0m
  [4;35;1mSQL (46.1ms)[0m   [0mSHOW TABLES[0m
  [4;36;1mSQL (46.3ms)[0m   [0;1mSHOW TABLES[0m
  [4;35;1mSQL (46.4ms)[0m   [0mSHOW TABLES[0m
  [4;36;1mSQL (46.4ms)[0m   [0;1mSHOW TABLES[0m
  [4;35;1mSQL (50.5ms)[0m   [0mSHOW TABLES[0m
  [4;36;1mPage Load (46.4ms)[0m   [0;1mSELECT * FROM `pages` WHERE (`pages`.`parent_id` IS NULL) LIMIT 1[0m
  [4;35;1mCACHE (0.0ms)[0m   [0mSELECT * FROM `pages` WHERE (`pages`.`parent_id` IS NULL) LIMIT 1[0m
  [4;36;1mPage Load (49.4ms)[0m   [0;1mSELECT * FROM `pages` WHERE (`pages`.`slug` = 'contact_us') AND (`pages`.parent_id = 1) ORDER BY virtual DESC, title ASC LIMIT 1[0m
  [4;35;1mPage Load (46.4ms)[0m   [0mSELECT * FROM `pages` WHERE (`pages`.`id` = 1) [0m
  [4;36;1mSQL (46.1ms)[0m   [0;1mSHOW TABLES[0m
  [4;35;1mLayout Load (48.1ms)[0m   [0mSELECT * FROM `layouts` WHERE (`layouts`.`id` = 1) ORDER BY name[0m
  [4;36;1mCACHE (0.0ms)[0m   [0;1mSELECT * FROM `pages` WHERE (`pages`.`parent_id` IS NULL) LIMIT 1[0m
  [4;35;1mCACHE (0.0ms)[0m   [0mSELECT * FROM `pages` WHERE (`pages`.`parent_id` IS NULL) LIMIT 1[0m
  [4;36;1mSnippet Columns (47.7ms)[0m   [0;1mSHOW FIELDS FROM `snippets`[0m
  [4;35;1mSnippet Load (55.1ms)[0m   [0mSELECT * FROM `snippets` WHERE (`snippets`.`name` = 'navigation') ORDER BY name LIMIT 1[0m
  [4;36;1mSQL (46.5ms)[0m   [0;1mSHOW TABLES[0m
  [4;35;1mPage Load (46.9ms)[0m   [0mSELECT * FROM `pages` WHERE ((virtual = 0) and (status_id = 100)) AND (`pages`.parent_id = 1) ORDER BY published_at ASC, virtual DESC, title ASC[0m
  [4;36;1mSnippet Load (46.8ms)[0m   [0;1mSELECT * FROM `snippets` WHERE (`snippets`.`name` = 'right_column') ORDER BY name LIMIT 1[0m
DEPRECATION WARNING: Deprecated radius tag <r:meta> will be removed or significantly changed in radiant 2.0. (called from warn_of_tag_deprecation at /Users/martins/.rvm/gems/ruby-1.9.3-p547@rockwerner/gems/radiant-1.1.4/lib/radiant/taggable.rb:55)
  [4;35;1mPagePart Load (46.6ms)[0m   [0mSELECT * FROM `page_parts` WHERE (`page_parts`.page_id = 6) ORDER BY id, name[0m
  [4;36;1mPagePart Load (46.5ms)[0m   [0;1mSELECT * FROM `page_parts` WHERE (`page_parts`.`name` = 'body') AND (`page_parts`.page_id = 6) ORDER BY id LIMIT 1[0m
  [4;35;1mSnippet Load (46.6ms)[0m   [0mSELECT * FROM `snippets` WHERE (`snippets`.`name` = 'print_me') ORDER BY name LIMIT 1[0m
  [4;36;1mSnippet Load (49.4ms)[0m   [0;1mSELECT * FROM `snippets` WHERE (`snippets`.`name` = 'footer') ORDER BY name LIMIT 1[0m
  [4;35;1mSQL (46.5ms)[0m   [0mSHOW TABLES[0m
Completed in 1524ms (DB: 1419) | 200 [http://0.0.0.0/contact_us]
  [4;36;1mSQL (47.3ms)[0m   [0;1mSHOW TABLES[0m
  [4;35;1mSQL (47.0ms)[0m   [0mSHOW TABLES[0m
  [4;36;1mSQL (49.8ms)[0m   [0;1mSHOW TABLES[0m
  [4;35;1mSQL (46.5ms)[0m   [0mSHOW TABLES[0m
  [4;36;1mSQL (52.8ms)[0m   [0;1mSHOW TABLES[0m
  [4;35;1mSQL (46.9ms)[0m   [0mSHOW TABLES[0m
  [4;36;1mSQL (50.2ms)[0m   [0;1mSHOW TABLES[0m
  [4;35;1mSQL (46.8ms)[0m   [0mSHOW TABLES[0m
  [4;36;1mSQL (46.5ms)[0m   [0;1mSHOW TABLES[0m
  [4;35;1mSQL (46.6ms)[0m   [0mSHOW TABLES[0m
  [4;36;1mSQL (46.2ms)[0m   [0;1mSHOW TABLES[0m
  [4;35;1mSQL (46.6ms)[0m   [0mSHOW TABLES[0m
  [4;36;1mSQL (47.7ms)[0m   [0;1mSHOW TABLES[0m
  [4;35;1mSQL (46.1ms)[0m   [0mSELECT DISTINCT class_name FROM pages WHERE class_name <> '' AND class_name IS NOT NULL[0m
  [4;36;1mSQL (46.1ms)[0m   [0;1mSET SQL_AUTO_IS_NULL=0[0m


Processing SiteController#show_page (for 127.0.0.1 at 2014-09-12 12:31:31) [GET]
  Parameters: {"controller"=>"site", "action"=>"show_page", "url"=>["images", "logo.png"]}
  [4;35;1mSQL (46.5ms)[0m   [0mSHOW TABLES[0m
  [4;36;1mSQL (46.9ms)[0m   [0;1mSHOW TABLES[0m
  [4;35;1mSQL (46.2ms)[0m   [0mSHOW TABLES[0m
  [4;36;1mSQL (48.2ms)[0m   [0;1mSHOW TABLES[0m
  [4;35;1mSQL (46.1ms)[0m   [0mSHOW TABLES[0m
  [4;36;1mSQL (46.3ms)[0m   [0;1mSHOW TABLES[0m
  [4;35;1mSQL (46.1ms)[0m   [0mSHOW TABLES[0m
  [4;36;1mSQL (46.3ms)[0m   [0;1mSHOW TABLES[0m
  [4;35;1mSQL (45.9ms)[0m   [0mSHOW TABLES[0m
  [4;36;1mSQL (46.2ms)[0m   [0;1mSHOW TABLES[0m
  [4;35;1mSQL (46.6ms)[0m   [0mSHOW TABLES[0m
  [4;36;1mSQL (46.3ms)[0m   [0;1mSHOW TABLES[0m
  [4;35;1mSQL (46.3ms)[0m   [0mSHOW TABLES[0m
  [4;36;1mSQL (46.0ms)[0m   [0;1mSHOW TABLES[0m
  [4;35;1mPage Load (47.2ms)[0m   [0mSELECT * FROM `pages` WHERE (`pages`.`parent_id` IS NULL) LIMIT 1[0m
  [4;36;1mCACHE (0.0ms)[0m   [0;1mSELECT * FROM `pages` WHERE (`pages`.`parent_id` IS NULL) LIMIT 1[0m
  [4;35;1mPage Load (52.6ms)[0m   [0mSELECT * FROM `pages` WHERE (`pages`.`slug` = 'images') AND (`pages`.parent_id = 1) ORDER BY virtual DESC, title ASC LIMIT 1[0m
  [4;36;1mPage Load (47.5ms)[0m   [0;1mSELECT * FROM `pages` WHERE (`pages`.parent_id = 1) ORDER BY virtual DESC, title ASC[0m
  [4;35;1mPage Load (53.2ms)[0m   [0mSELECT * FROM `pages` WHERE (`pages`.`id` = 1) [0m
  [4;36;1mCACHE (0.0ms)[0m   [0;1mSELECT * FROM `pages` WHERE (`pages`.`id` = 1) [0m
  [4;35;1mCACHE (0.0ms)[0m   [0mSELECT * FROM `pages` WHERE (`pages`.`id` = 1) [0m
  [4;36;1mCACHE (0.0ms)[0m   [0;1mSELECT * FROM `pages` WHERE (`pages`.`id` = 1) [0m
  [4;35;1mCACHE (0.0ms)[0m   [0mSELECT * FROM `pages` WHERE (`pages`.`id` = 1) [0m
  [4;36;1mCACHE (0.0ms)[0m   [0;1mSELECT * FROM `pages` WHERE (`pages`.`id` = 1) [0m
  [4;35;1mPage Load (46.7ms)[0m   [0mSELECT * FROM `pages` WHERE (`pages`.parent_id = 1 AND (status_id = 100 and (class_name = 'FileNotFoundPage'))) ORDER BY virtual DESC, title ASC LIMIT 1[0m
  [4;36;1mSQL (47.9ms)[0m   [0;1mSHOW TABLES[0m
  [4;35;1mCACHE (0.0ms)[0m   [0mSELECT * FROM `pages` WHERE (`pages`.`id` = 1) [0m
  [4;36;1mLayout Load (47.9ms)[0m   [0;1mSELECT * FROM `layouts` WHERE (`layouts`.`id` = 1) ORDER BY name[0m
  [4;35;1mCACHE (0.0ms)[0m   [0mSELECT * FROM `pages` WHERE (`pages`.`parent_id` IS NULL) LIMIT 1[0m
  [4;36;1mCACHE (0.0ms)[0m   [0;1mSELECT * FROM `pages` WHERE (`pages`.`parent_id` IS NULL) LIMIT 1[0m
  [4;35;1mSnippet Columns (47.6ms)[0m   [0mSHOW FIELDS FROM `snippets`[0m
  [4;36;1mSnippet Load (46.0ms)[0m   [0;1mSELECT * FROM `snippets` WHERE (`snippets`.`name` = 'navigation') ORDER BY name LIMIT 1[0m
  [4;35;1mSQL (47.8ms)[0m   [0mSHOW TABLES[0m
  [4;36;1mPage Load (46.4ms)[0m   [0;1mSELECT * FROM `pages` WHERE ((virtual = 0) and (status_id = 100)) AND (`pages`.parent_id = 1) ORDER BY published_at ASC, virtual DESC, title ASC[0m
  [4;35;1mSnippet Load (50.7ms)[0m   [0mSELECT * FROM `snippets` WHERE (`snippets`.`name` = 'right_column') ORDER BY name LIMIT 1[0m
DEPRECATION WARNING: Deprecated radius tag <r:meta> will be removed or significantly changed in radiant 2.0. (called from warn_of_tag_deprecation at /Users/martins/.rvm/gems/ruby-1.9.3-p547@rockwerner/gems/radiant-1.1.4/lib/radiant/taggable.rb:55)
  [4;36;1mPagePart Load (50.0ms)[0m   [0;1mSELECT * FROM `page_parts` WHERE (`page_parts`.page_id = 9) ORDER BY id, name[0m
  [4;35;1mPagePart Load (48.4ms)[0m   [0mSELECT * FROM `page_parts` WHERE (`page_parts`.`name` = 'body') AND (`page_parts`.page_id = 9) ORDER BY id LIMIT 1[0m
  [4;36;1mSnippet Load (47.1ms)[0m   [0;1mSELECT * FROM `snippets` WHERE (`snippets`.`name` = 'print_me') ORDER BY name LIMIT 1[0m
  [4;35;1mSnippet Load (46.8ms)[0m   [0mSELECT * FROM `snippets` WHERE (`snippets`.`name` = 'footer') ORDER BY name LIMIT 1[0m
  [4;36;1mSQL (46.7ms)[0m   [0;1mSHOW TABLES[0m
Completed in 1711ms (DB: 1517) | 404 [http://0.0.0.0/images/logo.png]
  [4;35;1mSQL (46.5ms)[0m   [0mSHOW TABLES[0m
  [4;36;1mSQL (46.4ms)[0m   [0;1mSHOW TABLES[0m
  [4;35;1mSQL (46.1ms)[0m   [0mSHOW TABLES[0m
  [4;36;1mSQL (46.0ms)[0m   [0;1mSHOW TABLES[0m
  [4;35;1mSQL (48.4ms)[0m   [0mSHOW TABLES[0m
  [4;36;1mSQL (46.3ms)[0m   [0;1mSHOW TABLES[0m
  [4;35;1mSQL (45.9ms)[0m   [0mSHOW TABLES[0m
  [4;36;1mSQL (45.8ms)[0m   [0;1mSHOW TABLES[0m
  [4;35;1mSQL (45.9ms)[0m   [0mSHOW TABLES[0m
  [4;36;1mSQL (45.9ms)[0m   [0;1mSHOW TABLES[0m
  [4;35;1mSQL (46.2ms)[0m   [0mSHOW TABLES[0m
  [4;36;1mSQL (46.2ms)[0m   [0;1mSHOW TABLES[0m
  [4;35;1mSQL (46.4ms)[0m   [0mSHOW TABLES[0m
  [4;36;1mSQL (46.2ms)[0m   [0;1mSELECT DISTINCT class_name FROM pages WHERE class_name <> '' AND class_name IS NOT NULL[0m
  [4;35;1mSQL (47.1ms)[0m   [0mSET SQL_AUTO_IS_NULL=0[0m


Processing SiteController#show_page (for 127.0.0.1 at 2014-09-12 12:31:34) [GET]
  Parameters: {"controller"=>"site", "action"=>"show_page", "url"=>["images", "Profile", "Felles-Operaen-h550.png"]}
  [4;36;1mSQL (45.7ms)[0m   [0;1mSHOW TABLES[0m
  [4;35;1mSQL (45.9ms)[0m   [0mSHOW TABLES[0m
  [4;36;1mSQL (46.0ms)[0m   [0;1mSHOW TABLES[0m
  [4;35;1mSQL (54.2ms)[0m   [0mSHOW TABLES[0m
  [4;36;1mSQL (47.1ms)[0m   [0;1mSHOW TABLES[0m
  [4;35;1mSQL (52.5ms)[0m   [0mSHOW TABLES[0m
  [4;36;1mSQL (48.5ms)[0m   [0;1mSHOW TABLES[0m
  [4;35;1mSQL (45.8ms)[0m   [0mSHOW TABLES[0m
  [4;36;1mSQL (45.8ms)[0m   [0;1mSHOW TABLES[0m
  [4;35;1mSQL (46.2ms)[0m   [0mSHOW TABLES[0m
  [4;36;1mSQL (45.7ms)[0m   [0;1mSHOW TABLES[0m
  [4;35;1mSQL (45.8ms)[0m   [0mSHOW TABLES[0m
  [4;36;1mSQL (46.0ms)[0m   [0;1mSHOW TABLES[0m
  [4;35;1mSQL (46.2ms)[0m   [0mSHOW TABLES[0m
  [4;36;1mPage Load (46.4ms)[0m   [0;1mSELECT * FROM `pages` WHERE (`pages`.`parent_id` IS NULL) LIMIT 1[0m
  [4;35;1mCACHE (0.0ms)[0m   [0mSELECT * FROM `pages` WHERE (`pages`.`parent_id` IS NULL) LIMIT 1[0m
  [4;36;1mPage Load (45.9ms)[0m   [0;1mSELECT * FROM `pages` WHERE (`pages`.`slug` = 'images') AND (`pages`.parent_id = 1) ORDER BY virtual DESC, title ASC LIMIT 1[0m
  [4;35;1mPage Load (46.1ms)[0m   [0mSELECT * FROM `pages` WHERE (`pages`.parent_id = 1) ORDER BY virtual DESC, title ASC[0m
  [4;36;1mPage Load (65.6ms)[0m   [0;1mSELECT * FROM `pages` WHERE (`pages`.`id` = 1) [0m
  [4;35;1mCACHE (0.0ms)[0m   [0mSELECT * FROM `pages` WHERE (`pages`.`id` = 1) [0m
  [4;36;1mCACHE (0.0ms)[0m   [0;1mSELECT * FROM `pages` WHERE (`pages`.`id` = 1) [0m
  [4;35;1mCACHE (0.0ms)[0m   [0mSELECT * FROM `pages` WHERE (`pages`.`id` = 1) [0m
  [4;36;1mCACHE (0.0ms)[0m   [0;1mSELECT * FROM `pages` WHERE (`pages`.`id` = 1) [0m
  [4;35;1mCACHE (0.0ms)[0m   [0mSELECT * FROM `pages` WHERE (`pages`.`id` = 1) [0m
  [4;36;1mPage Load (71.3ms)[0m   [0;1mSELECT * FROM `pages` WHERE (`pages`.parent_id = 1 AND (status_id = 100 and (class_name = 'FileNotFoundPage'))) ORDER BY virtual DESC, title ASC LIMIT 1[0m
  [4;35;1mSQL (53.3ms)[0m   [0mSHOW TABLES[0m
  [4;36;1mCACHE (0.0ms)[0m   [0;1mSELECT * FROM `pages` WHERE (`pages`.`id` = 1) [0m
  [4;35;1mLayout Load (50.3ms)[0m   [0mSELECT * FROM `layouts` WHERE (`layouts`.`id` = 1) ORDER BY name[0m
  [4;36;1mCACHE (0.0ms)[0m   [0;1mSELECT * FROM `pages` WHERE (`pages`.`parent_id` IS NULL) LIMIT 1[0m
  [4;35;1mCACHE (0.0ms)[0m   [0mSELECT * FROM `pages` WHERE (`pages`.`parent_id` IS NULL) LIMIT 1[0m
  [4;36;1mSnippet Columns (47.0ms)[0m   [0;1mSHOW FIELDS FROM `snippets`[0m
  [4;35;1mSnippet Load (46.5ms)[0m   [0mSELECT * FROM `snippets` WHERE (`snippets`.`name` = 'navigation') ORDER BY name LIMIT 1[0m
  [4;36;1mSQL (46.2ms)[0m   [0;1mSHOW TABLES[0m
  [4;35;1mPage Load (51.8ms)[0m   [0mSELECT * FROM `pages` WHERE ((virtual = 0) and (status_id = 100)) AND (`pages`.parent_id = 1) ORDER BY published_at ASC, virtual DESC, title ASC[0m
  [4;36;1mSnippet Load (47.5ms)[0m   [0;1mSELECT * FROM `snippets` WHERE (`snippets`.`name` = 'right_column') ORDER BY name LIMIT 1[0m
DEPRECATION WARNING: Deprecated radius tag <r:meta> will be removed or significantly changed in radiant 2.0. (called from warn_of_tag_deprecation at /Users/martins/.rvm/gems/ruby-1.9.3-p547@rockwerner/gems/radiant-1.1.4/lib/radiant/taggable.rb:55)
  [4;35;1mPagePart Load (46.7ms)[0m   [0mSELECT * FROM `page_parts` WHERE (`page_parts`.page_id = 9) ORDER BY id, name[0m
  [4;36;1mPagePart Load (46.0ms)[0m   [0;1mSELECT * FROM `page_parts` WHERE (`page_parts`.`name` = 'body') AND (`page_parts`.page_id = 9) ORDER BY id LIMIT 1[0m
  [4;35;1mSnippet Load (46.0ms)[0m   [0mSELECT * FROM `snippets` WHERE (`snippets`.`name` = 'print_me') ORDER BY name LIMIT 1[0m
  [4;36;1mSnippet Load (46.9ms)[0m   [0;1mSELECT * FROM `snippets` WHERE (`snippets`.`name` = 'footer') ORDER BY name LIMIT 1[0m
  [4;35;1mSQL (50.2ms)[0m   [0mSHOW TABLES[0m
Completed in 1677ms (DB: 1562) | 404 [http://0.0.0.0/images/Profile/Felles-Operaen-h550.png]
  [4;36;1mSQL (46.2ms)[0m   [0;1mSHOW TABLES[0m
  [4;35;1mSQL (45.9ms)[0m   [0mSHOW TABLES[0m
  [4;36;1mSQL (49.1ms)[0m   [0;1mSHOW TABLES[0m
  [4;35;1mSQL (45.6ms)[0m   [0mSHOW TABLES[0m
  [4;36;1mSQL (46.4ms)[0m   [0;1mSHOW TABLES[0m
  [4;35;1mSQL (45.9ms)[0m   [0mSHOW TABLES[0m
  [4;36;1mSQL (45.9ms)[0m   [0;1mSHOW TABLES[0m
  [4;35;1mSQL (46.0ms)[0m   [0mSHOW TABLES[0m
  [4;36;1mSQL (46.0ms)[0m   [0;1mSHOW TABLES[0m
  [4;35;1mSQL (46.0ms)[0m   [0mSHOW TABLES[0m
  [4;36;1mSQL (45.9ms)[0m   [0;1mSHOW TABLES[0m
  [4;35;1mSQL (45.7ms)[0m   [0mSHOW TABLES[0m
  [4;36;1mSQL (46.2ms)[0m   [0;1mSHOW TABLES[0m
  [4;35;1mSQL (45.7ms)[0m   [0mSELECT DISTINCT class_name FROM pages WHERE class_name <> '' AND class_name IS NOT NULL[0m
  [4;36;1mSQL (42.0ms)[0m   [0;1mSET SQL_AUTO_IS_NULL=0[0m


Processing SiteController#show_page (for 127.0.0.1 at 2014-09-12 12:31:37) [GET]
  Parameters: {"controller"=>"site", "action"=>"show_page", "url"=>["images", "favicon.png"]}
  [4;35;1mSQL (43.7ms)[0m   [0mSHOW TABLES[0m
  [4;36;1mSQL (43.1ms)[0m   [0;1mSHOW TABLES[0m
  [4;35;1mSQL (42.2ms)[0m   [0mSHOW TABLES[0m
  [4;36;1mSQL (42.2ms)[0m   [0;1mSHOW TABLES[0m
  [4;35;1mSQL (42.1ms)[0m   [0mSHOW TABLES[0m
  [4;36;1mSQL (42.8ms)[0m   [0;1mSHOW TABLES[0m
  [4;35;1mSQL (43.5ms)[0m   [0mSHOW TABLES[0m
  [4;36;1mSQL (42.1ms)[0m   [0;1mSHOW TABLES[0m
  [4;35;1mSQL (41.7ms)[0m   [0mSHOW TABLES[0m
  [4;36;1mSQL (57.4ms)[0m   [0;1mSHOW TABLES[0m
  [4;35;1mSQL (41.8ms)[0m   [0mSHOW TABLES[0m
  [4;36;1mSQL (42.6ms)[0m   [0;1mSHOW TABLES[0m
  [4;35;1mSQL (122.6ms)[0m   [0mSHOW TABLES[0m
  [4;36;1mSQL (43.1ms)[0m   [0;1mSHOW TABLES[0m
  [4;35;1mPage Load (47.2ms)[0m   [0mSELECT * FROM `pages` WHERE (`pages`.`parent_id` IS NULL) LIMIT 1[0m
  [4;36;1mCACHE (0.0ms)[0m   [0;1mSELECT * FROM `pages` WHERE (`pages`.`parent_id` IS NULL) LIMIT 1[0m
  [4;35;1mPage Load (42.3ms)[0m   [0mSELECT * FROM `pages` WHERE (`pages`.`slug` = 'images') AND (`pages`.parent_id = 1) ORDER BY virtual DESC, title ASC LIMIT 1[0m
  [4;36;1mPage Load (43.8ms)[0m   [0;1mSELECT * FROM `pages` WHERE (`pages`.parent_id = 1) ORDER BY virtual DESC, title ASC[0m
  [4;35;1mPage Load (42.3ms)[0m   [0mSELECT * FROM `pages` WHERE (`pages`.`id` = 1) [0m
  [4;36;1mCACHE (0.0ms)[0m   [0;1mSELECT * FROM `pages` WHERE (`pages`.`id` = 1) [0m
  [4;35;1mCACHE (0.0ms)[0m   [0mSELECT * FROM `pages` WHERE (`pages`.`id` = 1) [0m
  [4;36;1mCACHE (0.0ms)[0m   [0;1mSELECT * FROM `pages` WHERE (`pages`.`id` = 1) [0m
  [4;35;1mCACHE (0.0ms)[0m   [0mSELECT * FROM `pages` WHERE (`pages`.`id` = 1) [0m
  [4;36;1mCACHE (0.0ms)[0m   [0;1mSELECT * FROM `pages` WHERE (`pages`.`id` = 1) [0m
  [4;35;1mPage Load (43.0ms)[0m   [0mSELECT * FROM `pages` WHERE (`pages`.parent_id = 1 AND (status_id = 100 and (class_name = 'FileNotFoundPage'))) ORDER BY virtual DESC, title ASC LIMIT 1[0m
  [4;36;1mSQL (41.6ms)[0m   [0;1mSHOW TABLES[0m
  [4;35;1mCACHE (0.0ms)[0m   [0mSELECT * FROM `pages` WHERE (`pages`.`id` = 1) [0m
  [4;36;1mLayout Load (42.6ms)[0m   [0;1mSELECT * FROM `layouts` WHERE (`layouts`.`id` = 1) ORDER BY name[0m
  [4;35;1mCACHE (0.0ms)[0m   [0mSELECT * FROM `pages` WHERE (`pages`.`parent_id` IS NULL) LIMIT 1[0m
  [4;36;1mCACHE (0.0ms)[0m   [0;1mSELECT * FROM `pages` WHERE (`pages`.`parent_id` IS NULL) LIMIT 1[0m
  [4;35;1mSnippet Columns (43.2ms)[0m   [0mSHOW FIELDS FROM `snippets`[0m
  [4;36;1mSnippet Load (41.6ms)[0m   [0;1mSELECT * FROM `snippets` WHERE (`snippets`.`name` = 'navigation') ORDER BY name LIMIT 1[0m
  [4;35;1mSQL (41.8ms)[0m   [0mSHOW TABLES[0m
  [4;36;1mPage Load (42.2ms)[0m   [0;1mSELECT * FROM `pages` WHERE ((virtual = 0) and (status_id = 100)) AND (`pages`.parent_id = 1) ORDER BY published_at ASC, virtual DESC, title ASC[0m
  [4;35;1mSnippet Load (43.3ms)[0m   [0mSELECT * FROM `snippets` WHERE (`snippets`.`name` = 'right_column') ORDER BY name LIMIT 1[0m
DEPRECATION WARNING: Deprecated radius tag <r:meta> will be removed or significantly changed in radiant 2.0. (called from warn_of_tag_deprecation at /Users/martins/.rvm/gems/ruby-1.9.3-p547@rockwerner/gems/radiant-1.1.4/lib/radiant/taggable.rb:55)
  [4;36;1mPagePart Load (41.8ms)[0m   [0;1mSELECT * FROM `page_parts` WHERE (`page_parts`.page_id = 9) ORDER BY id, name[0m
  [4;35;1mPagePart Load (42.3ms)[0m   [0mSELECT * FROM `page_parts` WHERE (`page_parts`.`name` = 'body') AND (`page_parts`.page_id = 9) ORDER BY id LIMIT 1[0m
  [4;36;1mSnippet Load (41.9ms)[0m   [0;1mSELECT * FROM `snippets` WHERE (`snippets`.`name` = 'print_me') ORDER BY name LIMIT 1[0m
  [4;35;1mSnippet Load (42.5ms)[0m   [0mSELECT * FROM `snippets` WHERE (`snippets`.`name` = 'footer') ORDER BY name LIMIT 1[0m
  [4;36;1mSQL (41.8ms)[0m   [0;1mSHOW TABLES[0m
Completed in 1571ms (DB: 1458) | 404 [http://0.0.0.0/images/favicon.png]
  [4;35;1mSQL (45.2ms)[0m   [0mSHOW TABLES[0m
  [4;36;1mSQL (42.4ms)[0m   [0;1mSHOW TABLES[0m
  [4;35;1mSQL (41.9ms)[0m   [0mSHOW TABLES[0m
  [4;36;1mSQL (42.0ms)[0m   [0;1mSHOW TABLES[0m
  [4;35;1mSQL (41.8ms)[0m   [0mSHOW TABLES[0m
  [4;36;1mSQL (41.7ms)[0m   [0;1mSHOW TABLES[0m
  [4;35;1mSQL (41.8ms)[0m   [0mSHOW TABLES[0m
  [4;36;1mSQL (45.3ms)[0m   [0;1mSHOW TABLES[0m
  [4;35;1mSQL (41.8ms)[0m   [0mSHOW TABLES[0m
  [4;36;1mSQL (41.7ms)[0m   [0;1mSHOW TABLES[0m
  [4;35;1mSQL (42.0ms)[0m   [0mSHOW TABLES[0m
  [4;36;1mSQL (42.3ms)[0m   [0;1mSHOW TABLES[0m
  [4;35;1mSQL (42.0ms)[0m   [0mSHOW TABLES[0m
  [4;36;1mSQL (41.5ms)[0m   [0;1mSELECT DISTINCT class_name FROM pages WHERE class_name <> '' AND class_name IS NOT NULL[0m
